#
# There is insufficient memory for the Java Runtime Environment to continue.
# Native memory allocation (mmap) failed to map 38797312 bytes for G1 virtual space
# Possible reasons:
#   The system is out of physical RAM or swap space
#   The process is running with CompressedOops enabled, and the Java Heap may be blocking the growth of the native heap
# Possible solutions:
#   Reduce memory load on the system
#   Increase physical memory or swap space
#   Check if swap backing store is full
#   Decrease Java heap size (-Xmx/-Xms)
#   Decrease number of Java threads
#   Decrease Java thread stack sizes (-Xss)
#   Set larger code cache with -XX:ReservedCodeCacheSize=
#   JVM is running with Unscaled Compressed Oops mode in which the Java heap is
#     placed in the first 4GB address space. The Java Heap base address is the
#     maximum limit for the native heap growth. Please use -XX:HeapBaseMinAddress
#     to set the Java Heap base and to place the Java Heap above 4GB virtual address.
# This output file may be truncated or incomplete.
#
#  Out of Memory Error (os_windows.cpp:3617), pid=19852, tid=50892
#
# JRE version: OpenJDK Runtime Environment Temurin-17.0.8.1+1 (17.0.8.1+1) (build 17.0.8.1+1)
# Java VM: OpenJDK 64-Bit Server VM Temurin-17.0.8.1+1 (17.0.8.1+1, mixed mode, tiered, compressed oops, compressed class ptrs, g1 gc, windows-amd64)
# No core dump will be written. Minidumps are not enabled by default on client versions of Windows
#

---------------  S U M M A R Y ------------

Command Line: -ea -Dfile.encoding=UTF-8 -Dstdout.encoding=UTF-8 -Dstderr.encoding=UTF-8 -XX:+ShowCodeDetailsInExceptionMessages org.testng.remote.RemoteTestNG -serport 64890 -protocol json -d C:\Users\lenovo\Desktop\Test\Day23\SpiceJet\test-output C:\Users\lenovo\AppData\Local\Temp\testng-eclipse--2063771798\testng-customsuite.xml

Host: AMD Ryzen 5 5600H with Radeon Graphics         , 12 cores, 5G,  Windows 11 , 64 bit Build 22621 (10.0.22621.4830)
Time: Thu Mar 27 01:04:53 2025 India Standard Time elapsed time: 11.290925 seconds (0d 0h 0m 11s)

---------------  T H R E A D  ---------------

Current thread (0x000001cd058fd100):  VMThread "VM Thread" [stack: 0x0000000e70300000,0x0000000e70400000] [id=50892]

Stack: [0x0000000e70300000,0x0000000e70400000]
Native frames: (J=compiled Java code, j=interpreted, Vv=VM code, C=native code)
V  [jvm.dll+0x678b0a]
V  [jvm.dll+0x835e84]
V  [jvm.dll+0x83762e]
V  [jvm.dll+0x837c93]
V  [jvm.dll+0x24746f]
V  [jvm.dll+0x675859]
V  [jvm.dll+0x66a0ea]
V  [jvm.dll+0x306c7b]
V  [jvm.dll+0x30e166]
V  [jvm.dll+0x35dd3e]
V  [jvm.dll+0x35df6f]
V  [jvm.dll+0x2ddb48]
V  [jvm.dll+0x2dbd0c]
V  [jvm.dll+0x2db2dc]
V  [jvm.dll+0x31f18b]
V  [jvm.dll+0x83c15b]
V  [jvm.dll+0x83ce94]
V  [jvm.dll+0x83d3ac]
V  [jvm.dll+0x83d784]
V  [jvm.dll+0x83d850]
V  [jvm.dll+0x7e64ca]
V  [jvm.dll+0x677955]
C  [ucrtbase.dll+0x29333]
C  [KERNEL32.DLL+0x1259d]
C  [ntdll.dll+0x5af38]

VM_Operation (0x0000000e6fdfcb30): G1CollectForAllocation, mode: safepoint, requested by thread 0x000001cd6c854140


---------------  P R O C E S S  ---------------

Threads class SMR info:
_java_thread_list=0x000001cd0acb2850, length=30, elements={
0x000001cd6c854140, 0x000001cd0597e010, 0x000001cd059485e0, 0x000001cd059ac5d0,
0x000001cd059acfa0, 0x000001cd059b0210, 0x000001cd059b1370, 0x000001cd059b6740,
0x000001cd059bc5a0, 0x000001cd059bf660, 0x000001cd05ace2d0, 0x000001cd05b63a50,
0x000001cd0a461d70, 0x000001cd0a5b6920, 0x000001cd0b18e5d0, 0x000001cd0b39f8f0,
0x000001cd0ac2cb30, 0x000001cd0ac2d550, 0x000001cd0ac2c620, 0x000001cd0ac2da60,
0x000001cd0ac2c110, 0x000001cd0b12a9e0, 0x000001cd0b129ab0, 0x000001cd0b126d20,
0x000001cd0b126300, 0x000001cd0b12aef0, 0x000001cd0b12b400, 0x000001cd0b12a4d0,
0x000001cd0b12d260, 0x000001cd0a518280
}

Java Threads: ( => current thread )
  0x000001cd6c854140 JavaThread "main" [_thread_blocked, id=54200, stack(0x0000000e6fd00000,0x0000000e6fe00000)]
  0x000001cd0597e010 JavaThread "Reference Handler" daemon [_thread_blocked, id=56052, stack(0x0000000e70400000,0x0000000e70500000)]
  0x000001cd059485e0 JavaThread "Finalizer" daemon [_thread_blocked, id=38044, stack(0x0000000e70500000,0x0000000e70600000)]
  0x000001cd059ac5d0 JavaThread "Signal Dispatcher" daemon [_thread_blocked, id=12944, stack(0x0000000e70600000,0x0000000e70700000)]
  0x000001cd059acfa0 JavaThread "Attach Listener" daemon [_thread_blocked, id=58580, stack(0x0000000e70700000,0x0000000e70800000)]
  0x000001cd059b0210 JavaThread "Service Thread" daemon [_thread_blocked, id=17688, stack(0x0000000e70800000,0x0000000e70900000)]
  0x000001cd059b1370 JavaThread "Monitor Deflation Thread" daemon [_thread_blocked, id=51564, stack(0x0000000e70900000,0x0000000e70a00000)]
  0x000001cd059b6740 JavaThread "C2 CompilerThread0" daemon [_thread_blocked, id=57832, stack(0x0000000e70a00000,0x0000000e70b00000)]
  0x000001cd059bc5a0 JavaThread "C1 CompilerThread0" daemon [_thread_blocked, id=44792, stack(0x0000000e70b00000,0x0000000e70c00000)]
  0x000001cd059bf660 JavaThread "Sweeper thread" daemon [_thread_blocked, id=58260, stack(0x0000000e70c00000,0x0000000e70d00000)]
  0x000001cd05ace2d0 JavaThread "Notification Thread" daemon [_thread_blocked, id=58512, stack(0x0000000e70d00000,0x0000000e70e00000)]
  0x000001cd05b63a50 JavaThread "Common-Cleaner" daemon [_thread_blocked, id=18608, stack(0x0000000e70f00000,0x0000000e71000000)]
  0x000001cd0a461d70 JavaThread "ReaderThread" [_thread_in_native, id=40488, stack(0x0000000e71100000,0x0000000e71200000)]
  0x000001cd0a5b6920 JavaThread "ForkJoinPool.commonPool-worker-1" daemon [_thread_blocked, id=53364, stack(0x0000000e71200000,0x0000000e71300000)]
  0x000001cd0b18e5d0 JavaThread "HttpClient-1-SelectorManager" daemon [_thread_in_native, id=42908, stack(0x0000000e71e00000,0x0000000e71f00000)]
  0x000001cd0b39f8f0 JavaThread "External Process Output Forwarder - C:\Users\lenovo\.cache\selenium\chromedriver\win64\134.0.6998.165\chromedriver.exe" daemon [_thread_in_native, id=47552, stack(0x0000000e71f00000,0x0000000e72000000)]
  0x000001cd0ac2cb30 JavaThread "Driver Service Executor" daemon [_thread_blocked, id=45240, stack(0x0000000e72000000,0x0000000e72100000)]
  0x000001cd0ac2d550 JavaThread "Driver Service Executor" daemon [_thread_in_native, id=52544, stack(0x0000000e72100000,0x0000000e72200000)]
  0x000001cd0ac2c620 JavaThread "UrlChecker-2" daemon [_thread_blocked, id=48900, stack(0x0000000e72200000,0x0000000e72300000)]
  0x000001cd0ac2da60 JavaThread "JdkHttpClient-0-0" daemon [_thread_blocked, id=47852, stack(0x0000000e72400000,0x0000000e72500000)]
  0x000001cd0ac2c110 JavaThread "CompletableFutureDelayScheduler" daemon [_thread_blocked, id=49996, stack(0x0000000e72500000,0x0000000e72600000)]
  0x000001cd0b12a9e0 JavaThread "JdkHttpClient-0-1" daemon [_thread_blocked, id=22352, stack(0x0000000e72600000,0x0000000e72700000)]
  0x000001cd0b129ab0 JavaThread "JdkHttpClient-0-2" daemon [_thread_blocked, id=57804, stack(0x0000000e72700000,0x0000000e72800000)]
  0x000001cd0b126d20 JavaThread "JdkHttpClient-0-3" daemon [_thread_blocked, id=13220, stack(0x0000000e72800000,0x0000000e72900000)]
  0x000001cd0b126300 JavaThread "HttpClient-2-SelectorManager" daemon [_thread_in_native, id=54252, stack(0x0000000e72900000,0x0000000e72a00000)]
  0x000001cd0b12aef0 JavaThread "JdkHttpClient-1-0" daemon [_thread_blocked, id=12852, stack(0x0000000e72a00000,0x0000000e72b00000)]
  0x000001cd0b12b400 JavaThread "JdkHttpClient-1-1" daemon [_thread_blocked, id=52576, stack(0x0000000e72b00000,0x0000000e72c00000)]
  0x000001cd0b12a4d0 JavaThread "JdkHttpClient-1-2" daemon [_thread_blocked, id=26096, stack(0x0000000e72c00000,0x0000000e72d00000)]
  0x000001cd0b12d260 JavaThread "JdkHttpClient-1-3" daemon [_thread_blocked, id=51800, stack(0x0000000e72d00000,0x0000000e72e00000)]
  0x000001cd0a518280 JavaThread "C2 CompilerThread1" daemon [_thread_blocked, id=43760, stack(0x0000000e72300000,0x0000000e72400000)]

Other Threads:
=>0x000001cd058fd100 VMThread "VM Thread" [stack: 0x0000000e70300000,0x0000000e70400000] [id=50892]
  0x000001cd6c866880 WatcherThread [stack: 0x0000000e70e00000,0x0000000e70f00000] [id=48068]
  0x000001cd6c8a5010 GCTaskThread "GC Thread#0" [stack: 0x0000000e6fe00000,0x0000000e6ff00000] [id=19588]
  0x000001cd0a7a4d40 GCTaskThread "GC Thread#1" [stack: 0x0000000e71300000,0x0000000e71400000] [id=56488]
  0x000001cd0a7a5000 GCTaskThread "GC Thread#2" [stack: 0x0000000e71400000,0x0000000e71500000] [id=57004]
  0x000001cd0a7a52c0 GCTaskThread "GC Thread#3" [stack: 0x0000000e71500000,0x0000000e71600000] [id=52872]
  0x000001cd0a7e3390 GCTaskThread "GC Thread#4" [stack: 0x0000000e71600000,0x0000000e71700000] [id=42292]
  0x000001cd0a7e3650 GCTaskThread "GC Thread#5" [stack: 0x0000000e71700000,0x0000000e71800000] [id=14860]
  0x000001cd0a7d3dd0 GCTaskThread "GC Thread#6" [stack: 0x0000000e71800000,0x0000000e71900000] [id=53316]
  0x000001cd0a7d4090 GCTaskThread "GC Thread#7" [stack: 0x0000000e71900000,0x0000000e71a00000] [id=42836]
  0x000001cd0ac5d1a0 GCTaskThread "GC Thread#8" [stack: 0x0000000e71a00000,0x0000000e71b00000] [id=52328]
  0x000001cd0ac5d460 GCTaskThread "GC Thread#9" [stack: 0x0000000e71b00000,0x0000000e71c00000] [id=20652]
  0x000001cd6c8b2280 ConcurrentGCThread "G1 Main Marker" [stack: 0x0000000e6ff00000,0x0000000e70000000] [id=47476]
  0x000001cd6c8b2c90 ConcurrentGCThread "G1 Conc#0" [stack: 0x0000000e70000000,0x0000000e70100000] [id=56384]
  0x000001cd0ac5d720 ConcurrentGCThread "G1 Conc#1" [stack: 0x0000000e71c00000,0x0000000e71d00000] [id=12572]
  0x000001cd0ac68b90 ConcurrentGCThread "G1 Conc#2" [stack: 0x0000000e71d00000,0x0000000e71e00000] [id=1720]
  0x000001cd6c8fe620 ConcurrentGCThread "G1 Refine#0" [stack: 0x0000000e70100000,0x0000000e70200000] [id=55192]
  0x000001cd057b0210 ConcurrentGCThread "G1 Service" [stack: 0x0000000e70200000,0x0000000e70300000] [id=59308]

Threads with active compile tasks:
C2 CompilerThread0    11318 2526       4       org.apache.xmlbeans.impl.schema.SchemaTypeSystemImpl$StringPool::codeForString (65 bytes)
C1 CompilerThread0    11318 2558       3       org.apache.xmlbeans.impl.store.Cur$CurLoadContext::attr (190 bytes)

VM state: at safepoint (normal execution)

VM Mutex/Monitor currently owned by a thread:  ([mutex/lock_event])
[0x000001cd6c84e6a0] Threads_lock - owner thread: 0x000001cd058fd100
[0x000001cd6c84edf0] Heap_lock - owner thread: 0x000001cd6c854140

Heap address: 0x00000000a2400000, size: 1500 MB, Compressed Oops mode: 32-bit

CDS archive(s) not mapped
Compressed class space mapped at: 0x0000000100000000-0x0000000140000000, reserved size: 1073741824
Narrow klass base: 0x0000000000000000, Narrow klass shift: 3, Narrow klass range: 0x140000000

GC Precious Log:
 CPUs: 12 total, 12 available
 Memory: 5996M
 Large Page Support: Disabled
 NUMA Support: Disabled
 Compressed Oops: Enabled (32-bit)
 Heap Region Size: 1M
 Heap Min Capacity: 8M
 Heap Initial Capacity: 94M
 Heap Max Capacity: 1500M
 Pre-touch: Disabled
 Parallel Workers: 10
 Concurrent Workers: 3
 Concurrent Refinement Workers: 10
 Periodic GC: Disabled

Heap:
 garbage-first heap   total 40960K, used 13455K [0x00000000a2400000, 0x0000000100000000)
  region size 1024K, 2 young (2048K), 2 survivors (2048K)
 Metaspace       used 32889K, committed 33216K, reserved 1114112K
  class space    used 3708K, committed 3840K, reserved 1048576K

Heap Regions: E=young(eden), S=young(survivor), O=old, HS=humongous(starts), HC=humongous(continues), CS=collection set, F=free, OA=open archive, CA=closed archive, TAMS=top-at-mark-start (previous, next)
|   0|0x00000000a2400000, 0x00000000a2500000, 0x00000000a2500000|100%|HS|  |TAMS 0x00000000a2500000, 0x00000000a2400000| Complete 
|   1|0x00000000a2500000, 0x00000000a2600000, 0x00000000a2600000|100%| O|  |TAMS 0x00000000a2600000, 0x00000000a2500000| Untracked 
|   2|0x00000000a2600000, 0x00000000a2700000, 0x00000000a2700000|100%| O|  |TAMS 0x00000000a2700000, 0x00000000a2600000| Untracked 
|   3|0x00000000a2700000, 0x00000000a2800000, 0x00000000a2800000|100%| O|  |TAMS 0x00000000a2800000, 0x00000000a2700000| Untracked 
|   4|0x00000000a2800000, 0x00000000a2900000, 0x00000000a2900000|100%| O|  |TAMS 0x00000000a282ee00, 0x00000000a2800000| Untracked 
|   5|0x00000000a2900000, 0x00000000a2a00000, 0x00000000a2a00000|100%| O|  |TAMS 0x00000000a2900000, 0x00000000a2900000| Untracked 
|   6|0x00000000a2a00000, 0x00000000a2b00000, 0x00000000a2b00000|100%| O|  |TAMS 0x00000000a2a00000, 0x00000000a2a00000| Untracked 
|   7|0x00000000a2b00000, 0x00000000a2b50200, 0x00000000a2c00000| 31%| O|  |TAMS 0x00000000a2b00000, 0x00000000a2b00000| Untracked 
|   8|0x00000000a2c00000, 0x00000000a2d00000, 0x00000000a2d00000|100%| O|  |TAMS 0x00000000a2c00000, 0x00000000a2c00000| Untracked 
|   9|0x00000000a2d00000, 0x00000000a2e00000, 0x00000000a2e00000|100%| O|  |TAMS 0x00000000a2d00000, 0x00000000a2d00000| Untracked 
|  10|0x00000000a2e00000, 0x00000000a2f00000, 0x00000000a2f00000|100%| O|  |TAMS 0x00000000a2e00000, 0x00000000a2e00000| Untracked 
|  11|0x00000000a2f00000, 0x00000000a3000000, 0x00000000a3000000|100%| O|  |TAMS 0x00000000a2f00000, 0x00000000a2f00000| Untracked 
|  12|0x00000000a3000000, 0x00000000a3000000, 0x00000000a3100000|  0%| F|  |TAMS 0x00000000a3000000, 0x00000000a3000000| Untracked 
|  13|0x00000000a3100000, 0x00000000a3100000, 0x00000000a3200000|  0%| F|  |TAMS 0x00000000a3100000, 0x00000000a3100000| Untracked 
|  14|0x00000000a3200000, 0x00000000a3200000, 0x00000000a3300000|  0%| F|  |TAMS 0x00000000a3200000, 0x00000000a3200000| Untracked 
|  15|0x00000000a3300000, 0x00000000a3300000, 0x00000000a3400000|  0%| F|  |TAMS 0x00000000a3300000, 0x00000000a3300000| Untracked 
|  16|0x00000000a3400000, 0x00000000a3400000, 0x00000000a3500000|  0%| F|  |TAMS 0x00000000a3400000, 0x00000000a3400000| Untracked 
|  17|0x00000000a3500000, 0x00000000a3500000, 0x00000000a3600000|  0%| F|  |TAMS 0x00000000a3500000, 0x00000000a3500000| Untracked 
|  18|0x00000000a3600000, 0x00000000a3600000, 0x00000000a3700000|  0%| F|  |TAMS 0x00000000a3600000, 0x00000000a3600000| Untracked 
|  19|0x00000000a3700000, 0x00000000a3700000, 0x00000000a3800000|  0%| F|  |TAMS 0x00000000a3700000, 0x00000000a3700000| Untracked 
|  20|0x00000000a3800000, 0x00000000a38d3dd8, 0x00000000a3900000| 82%| S|CS|TAMS 0x00000000a3800000, 0x00000000a3800000| Complete 
|  21|0x00000000a3900000, 0x00000000a3900000, 0x00000000a3a00000|  0%| F|  |TAMS 0x00000000a3900000, 0x00000000a3900000| Untracked 
|  22|0x00000000a3a00000, 0x00000000a3b00000, 0x00000000a3b00000|100%| S|CS|TAMS 0x00000000a3a00000, 0x00000000a3a00000| Complete 
|  23|0x00000000a3b00000, 0x00000000a3b00000, 0x00000000a3c00000|  0%| F|  |TAMS 0x00000000a3b00000, 0x00000000a3b00000| Untracked 
|  24|0x00000000a3c00000, 0x00000000a3c00000, 0x00000000a3d00000|  0%| F|  |TAMS 0x00000000a3c00000, 0x00000000a3c00000| Untracked 
|  25|0x00000000a3d00000, 0x00000000a3d00000, 0x00000000a3e00000|  0%| F|  |TAMS 0x00000000a3d00000, 0x00000000a3d00000| Untracked 
|  26|0x00000000a3e00000, 0x00000000a3e00000, 0x00000000a3f00000|  0%| F|  |TAMS 0x00000000a3e00000, 0x00000000a3e00000| Untracked 
|  27|0x00000000a3f00000, 0x00000000a3f00000, 0x00000000a4000000|  0%| F|  |TAMS 0x00000000a3f00000, 0x00000000a3f00000| Untracked 
|  28|0x00000000a4000000, 0x00000000a4000000, 0x00000000a4100000|  0%| F|  |TAMS 0x00000000a4000000, 0x00000000a4000000| Untracked 
|  29|0x00000000a4100000, 0x00000000a4100000, 0x00000000a4200000|  0%| F|  |TAMS 0x00000000a4100000, 0x00000000a4100000| Untracked 
|  30|0x00000000a4200000, 0x00000000a4200000, 0x00000000a4300000|  0%| F|  |TAMS 0x00000000a4200000, 0x00000000a4200000| Untracked 
|  31|0x00000000a4300000, 0x00000000a4300000, 0x00000000a4400000|  0%| F|  |TAMS 0x00000000a4300000, 0x00000000a4300000| Untracked 
|  32|0x00000000a4400000, 0x00000000a4400000, 0x00000000a4500000|  0%| F|  |TAMS 0x00000000a4400000, 0x00000000a4400000| Untracked 
|  33|0x00000000a4500000, 0x00000000a4500000, 0x00000000a4600000|  0%| F|  |TAMS 0x00000000a4500000, 0x00000000a4500000| Untracked 
|  34|0x00000000a4600000, 0x00000000a4600000, 0x00000000a4700000|  0%| F|  |TAMS 0x00000000a4600000, 0x00000000a4600000| Untracked 
|  35|0x00000000a4700000, 0x00000000a4700000, 0x00000000a4800000|  0%| F|  |TAMS 0x00000000a4700000, 0x00000000a4700000| Untracked 
|  79|0x00000000a7300000, 0x00000000a7300000, 0x00000000a7400000|  0%| F|  |TAMS 0x00000000a7300000, 0x00000000a7300000| Untracked 
|  80|0x00000000a7400000, 0x00000000a7400000, 0x00000000a7500000|  0%| F|  |TAMS 0x00000000a7400000, 0x00000000a7400000| Untracked 
|  81|0x00000000a7500000, 0x00000000a7500000, 0x00000000a7600000|  0%| F|  |TAMS 0x00000000a7500000, 0x00000000a7500000| Untracked 
|  93|0x00000000a8100000, 0x00000000a8100000, 0x00000000a8200000|  0%| F|  |TAMS 0x00000000a8100000, 0x00000000a8100000| Untracked 

Card table byte_map: [0x000001cd7f740000,0x000001cd7fa30000] _byte_map_base: 0x000001cd7f22e000

Marking Bits (Prev, Next): (CMBitMap*) 0x000001cd6c8a5670, (CMBitMap*) 0x000001cd6c8a5630
 Prev Bits: [0x000001cd01770000, 0x000001cd02ee0000)
 Next Bits: [0x000001cd00000000, 0x000001cd01770000)

Polling page: 0x000001cd6c000000

Metaspace:

Usage:
  Non-class:     28.50 MB used.
      Class:      3.62 MB used.
       Both:     32.12 MB used.

Virtual space:
  Non-class space:       64.00 MB reserved,      28.69 MB ( 45%) committed,  1 nodes.
      Class space:        1.00 GB reserved,       3.75 MB ( <1%) committed,  1 nodes.
             Both:        1.06 GB reserved,      32.44 MB (  3%) committed. 

Chunk freelists:
   Non-Class:  2.92 MB
       Class:  12.08 MB
        Both:  15.00 MB

MaxMetaspaceSize: unlimited
CompressedClassSpaceSize: 1.00 GB
Initial GC threshold: 21.00 MB
Current GC threshold: 35.12 MB
CDS: off
MetaspaceReclaimPolicy: balanced
 - commit_granule_bytes: 65536.
 - commit_granule_words: 8192.
 - virtual_space_node_default_size: 8388608.
 - enlarge_chunks_in_place: 1.
 - new_chunks_are_fully_committed: 0.
 - uncommit_free_chunks: 1.
 - use_allocation_guard: 0.
 - handle_deallocations: 1.


Internal statistics:

num_allocs_failed_limit: 3.
num_arena_births: 330.
num_arena_deaths: 0.
num_vsnodes_births: 2.
num_vsnodes_deaths: 0.
num_space_committed: 519.
num_space_uncommitted: 0.
num_chunks_returned_to_freelist: 3.
num_chunks_taken_from_freelist: 1048.
num_chunk_merges: 0.
num_chunk_splits: 641.
num_chunks_enlarged: 441.
num_inconsistent_stats: 0.

CodeHeap 'non-profiled nmethods': size=120000Kb used=1043Kb max_used=1043Kb free=118956Kb
 bounds [0x000001cd779d0000, 0x000001cd77c40000, 0x000001cd7ef00000]
CodeHeap 'profiled nmethods': size=120000Kb used=5067Kb max_used=5067Kb free=114933Kb
 bounds [0x000001cd6ff00000, 0x000001cd70400000, 0x000001cd77430000]
CodeHeap 'non-nmethods': size=5760Kb used=1260Kb max_used=1291Kb free=4499Kb
 bounds [0x000001cd77430000, 0x000001cd776a0000, 0x000001cd779d0000]
 total_blobs=3127 nmethods=2556 adapters=483
 compilation: enabled
              stopped_count=0, restarted_count=0
 full_count=0

Compilation events (20 events):
Event: 11.281 Thread 0x000001cd059bc5a0 nmethod 2547 0x000001cd703ef690 code [0x000001cd703ef860, 0x000001cd703efb38]
Event: 11.281 Thread 0x000001cd059bc5a0 2548       1       javax.xml.catalog.CatalogFeatures$Feature::getPropertyName (5 bytes)
Event: 11.281 Thread 0x000001cd059bc5a0 nmethod 2548 0x000001cd77ad4b10 code [0x000001cd77ad4ca0, 0x000001cd77ad4d78]
Event: 11.281 Thread 0x000001cd059bc5a0 2550       3       com.sun.org.apache.xerces.internal.util.ParserConfigurationSettings::getProperty (31 bytes)
Event: 11.282 Thread 0x000001cd059bc5a0 nmethod 2550 0x000001cd703efc90 code [0x000001cd703efe60, 0x000001cd703f01b8]
Event: 11.282 Thread 0x000001cd059bc5a0 2551       3       com.sun.org.apache.xerces.internal.util.SymbolTable$Entry::<init> (47 bytes)
Event: 11.282 Thread 0x000001cd059bc5a0 nmethod 2551 0x000001cd703f0310 code [0x000001cd703f04e0, 0x000001cd703f0988]
Event: 11.282 Thread 0x000001cd059bc5a0 2552       3       org.apache.xmlbeans.impl.store.Locale::makeQName (22 bytes)
Event: 11.282 Thread 0x000001cd059bc5a0 nmethod 2552 0x000001cd703f0b10 code [0x000001cd703f0cc0, 0x000001cd703f0ee8]
Event: 11.282 Thread 0x000001cd059bc5a0 2553       3       org.apache.xmlbeans.impl.store.AttrXobj::<init> (13 bytes)
Event: 11.282 Thread 0x000001cd059bc5a0 nmethod 2553 0x000001cd703f1010 code [0x000001cd703f11c0, 0x000001cd703f1448]
Event: 11.282 Thread 0x000001cd059bc5a0 2554       3       com.sun.org.apache.xerces.internal.parsers.AbstractSAXParser$AttributesProxy::getQName (11 bytes)
Event: 11.282 Thread 0x000001cd059bc5a0 nmethod 2554 0x000001cd703f1590 code [0x000001cd703f1740, 0x000001cd703f1928]
Event: 11.282 Thread 0x000001cd059bc5a0 2555       3       com.sun.org.apache.xerces.internal.parsers.AbstractSAXParser$AttributesProxy::getURI (22 bytes)
Event: 11.283 Thread 0x000001cd059bc5a0 nmethod 2555 0x000001cd703f1a10 code [0x000001cd703f1bc0, 0x000001cd703f1f18]
Event: 11.283 Thread 0x000001cd059bc5a0 2556       3       com.sun.org.apache.xerces.internal.parsers.AbstractSAXParser$AttributesProxy::getValue (11 bytes)
Event: 11.283 Thread 0x000001cd059bc5a0 nmethod 2556 0x000001cd703f2090 code [0x000001cd703f2240, 0x000001cd703f2428]
Event: 11.283 Thread 0x000001cd059bc5a0 2557       3       org.apache.xmlbeans.impl.store.Cur$CurLoadContext::attr (17 bytes)
Event: 11.283 Thread 0x000001cd059bc5a0 nmethod 2557 0x000001cd703f2510 code [0x000001cd703f26e0, 0x000001cd703f29f8]
Event: 11.283 Thread 0x000001cd059bc5a0 2558       3       org.apache.xmlbeans.impl.store.Cur$CurLoadContext::attr (190 bytes)

GC Heap History (15 events):
Event: 2.424 GC heap before
{Heap before GC invocations=0 (full 0):
 garbage-first heap   total 96256K, used 23552K [0x00000000a2400000, 0x0000000100000000)
  region size 1024K, 23 young (23552K), 0 survivors (0K)
 Metaspace       used 16930K, committed 17088K, reserved 1114112K
  class space    used 1727K, committed 1792K, reserved 1048576K
}
Event: 2.435 GC heap after
{Heap after GC invocations=1 (full 0):
 garbage-first heap   total 96256K, used 7355K [0x00000000a2400000, 0x0000000100000000)
  region size 1024K, 3 young (3072K), 3 survivors (3072K)
 Metaspace       used 16930K, committed 17088K, reserved 1114112K
  class space    used 1727K, committed 1792K, reserved 1048576K
}
Event: 2.787 GC heap before
{Heap before GC invocations=1 (full 0):
 garbage-first heap   total 96256K, used 18619K [0x00000000a2400000, 0x0000000100000000)
  region size 1024K, 15 young (15360K), 3 survivors (3072K)
 Metaspace       used 21248K, committed 21504K, reserved 1114112K
  class space    used 2232K, committed 2368K, reserved 1048576K
}
Event: 2.793 GC heap after
{Heap after GC invocations=2 (full 0):
 garbage-first heap   total 96256K, used 9372K [0x00000000a2400000, 0x0000000100000000)
  region size 1024K, 3 young (3072K), 3 survivors (3072K)
 Metaspace       used 21248K, committed 21504K, reserved 1114112K
  class space    used 2232K, committed 2368K, reserved 1048576K
}
Event: 10.570 GC heap before
{Heap before GC invocations=3 (full 0):
 garbage-first heap   total 40960K, used 26780K [0x00000000a2400000, 0x0000000100000000)
  region size 1024K, 22 young (22528K), 3 survivors (3072K)
 Metaspace       used 26108K, committed 26496K, reserved 1114112K
  class space    used 2848K, committed 3008K, reserved 1048576K
}
Event: 10.577 GC heap after
{Heap after GC invocations=4 (full 0):
 garbage-first heap   total 40960K, used 10599K [0x00000000a2400000, 0x0000000100000000)
  region size 1024K, 4 young (4096K), 4 survivors (4096K)
 Metaspace       used 26108K, committed 26496K, reserved 1114112K
  class space    used 2848K, committed 3008K, reserved 1048576K
}
Event: 10.613 GC heap before
{Heap before GC invocations=4 (full 0):
 garbage-first heap   total 40960K, used 11623K [0x00000000a2400000, 0x0000000100000000)
  region size 1024K, 5 young (5120K), 4 survivors (4096K)
 Metaspace       used 26569K, committed 26880K, reserved 1114112K
  class space    used 2899K, committed 3072K, reserved 1048576K
}
Event: 10.617 GC heap after
{Heap after GC invocations=5 (full 0):
 garbage-first heap   total 40960K, used 10904K [0x00000000a2400000, 0x0000000100000000)
  region size 1024K, 1 young (1024K), 1 survivors (1024K)
 Metaspace       used 26569K, committed 26880K, reserved 1114112K
  class space    used 2899K, committed 3072K, reserved 1048576K
}
Event: 11.033 GC heap before
{Heap before GC invocations=5 (full 0):
 garbage-first heap   total 40960K, used 26264K [0x00000000a2400000, 0x0000000100000000)
  region size 1024K, 17 young (17408K), 1 survivors (1024K)
 Metaspace       used 30929K, committed 31296K, reserved 1114112K
  class space    used 3448K, committed 3584K, reserved 1048576K
}
Event: 11.034 GC heap after
{Heap after GC invocations=6 (full 0):
 garbage-first heap   total 40960K, used 11683K [0x00000000a2400000, 0x0000000100000000)
  region size 1024K, 2 young (2048K), 2 survivors (2048K)
 Metaspace       used 30929K, committed 31296K, reserved 1114112K
  class space    used 3448K, committed 3584K, reserved 1048576K
}
Event: 11.080 GC heap before
{Heap before GC invocations=6 (full 0):
 garbage-first heap   total 40960K, used 28067K [0x00000000a2400000, 0x0000000100000000)
  region size 1024K, 18 young (18432K), 2 survivors (2048K)
 Metaspace       used 31149K, committed 31488K, reserved 1114112K
  class space    used 3477K, committed 3648K, reserved 1048576K
}
Event: 11.082 GC heap after
{Heap after GC invocations=7 (full 0):
 garbage-first heap   total 40960K, used 12207K [0x00000000a2400000, 0x0000000100000000)
  region size 1024K, 2 young (2048K), 2 survivors (2048K)
 Metaspace       used 31149K, committed 31488K, reserved 1114112K
  class space    used 3477K, committed 3648K, reserved 1048576K
}
Event: 11.095 GC heap before
{Heap before GC invocations=7 (full 0):
 garbage-first heap   total 40960K, used 29615K [0x00000000a2400000, 0x0000000100000000)
  region size 1024K, 19 young (19456K), 2 survivors (2048K)
 Metaspace       used 31149K, committed 31488K, reserved 1114112K
  class space    used 3477K, committed 3648K, reserved 1048576K
}
Event: 11.098 GC heap after
{Heap after GC invocations=8 (full 0):
 garbage-first heap   total 40960K, used 12762K [0x00000000a2400000, 0x0000000100000000)
  region size 1024K, 2 young (2048K), 2 survivors (2048K)
 Metaspace       used 31149K, committed 31488K, reserved 1114112K
  class space    used 3477K, committed 3648K, reserved 1048576K
}
Event: 11.284 GC heap before
{Heap before GC invocations=8 (full 0):
 garbage-first heap   total 40960K, used 29146K [0x00000000a2400000, 0x0000000100000000)
  region size 1024K, 19 young (19456K), 2 survivors (2048K)
 Metaspace       used 32889K, committed 33216K, reserved 1114112K
  class space    used 3708K, committed 3840K, reserved 1048576K
}

Dll operation events (8 events):
Event: 0.011 Loaded shared library C:\Users\lenovo\.p2\pool\plugins\org.eclipse.justj.openjdk.hotspot.jre.full.win32.x86_64_17.0.8.v20230831-1047\jre\bin\java.dll
Event: 0.190 Loaded shared library C:\Users\lenovo\.p2\pool\plugins\org.eclipse.justj.openjdk.hotspot.jre.full.win32.x86_64_17.0.8.v20230831-1047\jre\bin\net.dll
Event: 0.193 Loaded shared library C:\Users\lenovo\.p2\pool\plugins\org.eclipse.justj.openjdk.hotspot.jre.full.win32.x86_64_17.0.8.v20230831-1047\jre\bin\nio.dll
Event: 0.221 Loaded shared library C:\Users\lenovo\.p2\pool\plugins\org.eclipse.justj.openjdk.hotspot.jre.full.win32.x86_64_17.0.8.v20230831-1047\jre\bin\zip.dll
Event: 0.392 Loaded shared library C:\Users\lenovo\.p2\pool\plugins\org.eclipse.justj.openjdk.hotspot.jre.full.win32.x86_64_17.0.8.v20230831-1047\jre\bin\jimage.dll
Event: 1.268 Loaded shared library C:\Users\lenovo\.p2\pool\plugins\org.eclipse.justj.openjdk.hotspot.jre.full.win32.x86_64_17.0.8.v20230831-1047\jre\bin\management.dll
Event: 1.275 Loaded shared library C:\Users\lenovo\.p2\pool\plugins\org.eclipse.justj.openjdk.hotspot.jre.full.win32.x86_64_17.0.8.v20230831-1047\jre\bin\management_ext.dll
Event: 2.750 Loaded shared library C:\Users\lenovo\.p2\pool\plugins\org.eclipse.justj.openjdk.hotspot.jre.full.win32.x86_64_17.0.8.v20230831-1047\jre\bin\sunmscapi.dll

Deoptimization events (20 events):
Event: 10.820 Thread 0x000001cd6c854140 DEOPT PACKING pc=0x000001cd77a56434 sp=0x0000000e6fdfcc50
Event: 10.820 Thread 0x000001cd6c854140 DEOPT UNPACKING pc=0x000001cd774869a3 sp=0x0000000e6fdfcbd0 mode 2
Event: 11.024 Thread 0x000001cd6c854140 Uncommon trap: trap_request=0xffffff45 fr.pc=0x000001cd77a8e9ec relative=0x0000000000000a6c
Event: 11.024 Thread 0x000001cd6c854140 Uncommon trap: reason=unstable_if action=reinterpret pc=0x000001cd77a8e9ec method=java.util.jar.JarFile.getVersionedEntry(Ljava/lang/String;Ljava/util/jar/JarEntry;)Ljava/util/jar/JarEntry; @ 26 c2
Event: 11.024 Thread 0x000001cd6c854140 DEOPT PACKING pc=0x000001cd77a8e9ec sp=0x0000000e6fdf83a0
Event: 11.024 Thread 0x000001cd6c854140 DEOPT UNPACKING pc=0x000001cd774869a3 sp=0x0000000e6fdf8310 mode 2
Event: 11.221 Thread 0x000001cd6c854140 Uncommon trap: trap_request=0xffffff45 fr.pc=0x000001cd77a9d3d8 relative=0x0000000000000338
Event: 11.221 Thread 0x000001cd6c854140 Uncommon trap: reason=unstable_if action=reinterpret pc=0x000001cd77a9d3d8 method=java.lang.StringUTF16.compress([CII)[B @ 13 c2
Event: 11.221 Thread 0x000001cd6c854140 DEOPT PACKING pc=0x000001cd77a9d3d8 sp=0x0000000e6fdfc480
Event: 11.221 Thread 0x000001cd6c854140 DEOPT UNPACKING pc=0x000001cd774869a3 sp=0x0000000e6fdfc3c0 mode 2
Event: 11.221 Thread 0x000001cd6c854140 Uncommon trap: trap_request=0xffffff45 fr.pc=0x000001cd77a9b818 relative=0x00000000000001f8
Event: 11.221 Thread 0x000001cd6c854140 Uncommon trap: reason=unstable_if action=reinterpret pc=0x000001cd77a9b818 method=java.lang.StringUTF16.compress([CII)[B @ 13 c2
Event: 11.221 Thread 0x000001cd6c854140 DEOPT PACKING pc=0x000001cd77a9b818 sp=0x0000000e6fdfc410
Event: 11.221 Thread 0x000001cd6c854140 DEOPT UNPACKING pc=0x000001cd774869a3 sp=0x0000000e6fdfc3b0 mode 2
Event: 11.221 Thread 0x000001cd6c854140 Uncommon trap: trap_request=0xffffff45 fr.pc=0x000001cd77a1a7b4 relative=0x0000000000000334
Event: 11.221 Thread 0x000001cd6c854140 Uncommon trap: reason=unstable_if action=reinterpret pc=0x000001cd77a1a7b4 method=java.lang.StringUTF16.compress([CI[BII)I @ 20 c2
Event: 11.221 Thread 0x000001cd6c854140 DEOPT PACKING pc=0x000001cd77a1a7b4 sp=0x0000000e6fdfc380
Event: 11.221 Thread 0x000001cd6c854140 DEOPT UNPACKING pc=0x000001cd774869a3 sp=0x0000000e6fdfc328 mode 2
Event: 11.282 Thread 0x000001cd6c854140 DEOPT PACKING pc=0x000001cd703cbe7e sp=0x0000000e6fdfc6c0
Event: 11.282 Thread 0x000001cd6c854140 DEOPT UNPACKING pc=0x000001cd77487143 sp=0x0000000e6fdfbb30 mode 0

Classes unloaded (0 events):
No events

Classes redefined (0 events):
No events

Internal exceptions (20 events):
Event: 4.515 Thread 0x000001cd6c854140 Exception <a 'java/lang/NoSuchMethodError'{0x00000000a3fdb770}: 'java.lang.Object java.lang.invoke.DirectMethodHandle$Holder.invokeSpecialIFC(java.lang.Object, java.lang.Object, java.lang.Object)'> (0x00000000a3fdb770) 
thrown [s\src\hotspot\share\interpreter\linkResolver.cpp, line 759]
Event: 4.701 Thread 0x000001cd6c854140 Exception <a 'java/lang/ClassNotFoundException'{0x00000000a3ac85f8}: sun/util/logging/resources/spi/loggingProvider> (0x00000000a3ac85f8) 
thrown [s\src\hotspot\share\classfile\systemDictionary.cpp, line 256]
Event: 10.546 Thread 0x000001cd6c854140 Exception <a 'java/lang/NoSuchMethodError'{0x00000000a36883f0}: 'int java.lang.invoke.DirectMethodHandle$Holder.invokeStatic(java.lang.Object, java.lang.Object, int)'> (0x00000000a36883f0) 
thrown [s\src\hotspot\share\interpreter\linkResolver.cpp, line 759]
Event: 10.555 Thread 0x000001cd6c854140 Exception <a 'java/lang/NoSuchMethodError'{0x00000000a36cc198}: 'java.lang.Object java.lang.invoke.DirectMethodHandle$Holder.invokeStatic(java.lang.Object, int, java.lang.Object)'> (0x00000000a36cc198) 
thrown [s\src\hotspot\share\interpreter\linkResolver.cpp, line 759]
Event: 10.569 Thread 0x000001cd6c854140 Exception <a 'java/lang/NoSuchMethodError'{0x00000000a36f9d70}: 'int java.lang.invoke.DirectMethodHandle$Holder.invokeStatic(java.lang.Object)'> (0x00000000a36f9d70) 
thrown [s\src\hotspot\share\interpreter\linkResolver.cpp, line 759]
Event: 10.570 Thread 0x000001cd6c854140 Exception <a 'java/lang/NoSuchMethodError'{0x00000000a36fd418}: 'int java.lang.invoke.DirectMethodHandle$Holder.invokeStaticInit(java.lang.Object)'> (0x00000000a36fd418) 
thrown [s\src\hotspot\share\interpreter\linkResolver.cpp, line 759]
Event: 10.603 Thread 0x000001cd6c854140 Implicit null exception at 0x000001cd77a2e0d8 to 0x000001cd77a2e16a
Event: 10.651 Thread 0x000001cd6c854140 Exception <a 'java/lang/NoSuchMethodError'{0x00000000a747fab0}: 'void java.lang.invoke.DirectMethodHandle$Holder.invokeStaticInit(java.lang.Object)'> (0x00000000a747fab0) 
thrown [s\src\hotspot\share\interpreter\linkResolver.cpp, line 759]
Event: 10.669 Thread 0x000001cd6c854140 Exception <a 'java/lang/NoSuchMethodError'{0x00000000a7323588}: 'int java.lang.invoke.DirectMethodHandle$Holder.invokeSpecial(java.lang.Object, java.lang.Object, int)'> (0x00000000a7323588) 
thrown [s\src\hotspot\share\interpreter\linkResolver.cpp, line 759]
Event: 10.682 Thread 0x000001cd6c854140 Exception <a 'java/lang/NoSuchMethodError'{0x00000000a73947d0}: 'void java.lang.invoke.DirectMethodHandle$Holder.invokeStaticInit(java.lang.Object, java.lang.Object, java.lang.Object)'> (0x00000000a73947d0) 
thrown [s\src\hotspot\share\interpreter\linkResolver.cpp, line 759]
Event: 10.684 Thread 0x000001cd6c854140 Exception <a 'java/lang/NoSuchMethodError'{0x00000000a73a2a30}: 'java.lang.Object java.lang.invoke.DirectMethodHandle$Holder.invokeStaticInit(java.lang.Object, java.lang.Object, java.lang.Object)'> (0x00000000a73a2a30) 
thrown [s\src\hotspot\share\interpreter\linkResolver.cpp, line 759]
Event: 10.686 Thread 0x000001cd6c854140 Exception <a 'java/lang/NoSuchMethodError'{0x00000000a73c54d8}: 'void java.lang.invoke.DirectMethodHandle$Holder.invokeStaticInit(java.lang.Object, java.lang.Object, java.lang.Object, java.lang.Object)'> (0x00000000a73c54d8) 
thrown [s\src\hotspot\share\interpreter\linkResolver.cpp, line 759]
Event: 10.688 Thread 0x000001cd6c854140 Exception <a 'java/lang/NoSuchMethodError'{0x00000000a73de688}: 'void java.lang.invoke.DirectMethodHandle$Holder.invokeStatic(java.lang.Object, int)'> (0x00000000a73de688) 
thrown [s\src\hotspot\share\interpreter\linkResolver.cpp, line 759]
Event: 10.688 Thread 0x000001cd6c854140 Exception <a 'java/lang/NoSuchMethodError'{0x00000000a73e20e8}: 'void java.lang.invoke.DirectMethodHandle$Holder.invokeStaticInit(java.lang.Object, int)'> (0x00000000a73e20e8) 
thrown [s\src\hotspot\share\interpreter\linkResolver.cpp, line 759]
Event: 10.773 Thread 0x000001cd6c854140 Exception <a 'java/lang/NoSuchMethodError'{0x00000000a45cde88}: 'void java.lang.invoke.DirectMethodHandle$Holder.invokeVirtual(java.lang.Object, java.lang.Object, java.lang.Object, java.lang.Object)'> (0x00000000a45cde88) 
thrown [s\src\hotspot\share\interpreter\linkResolver.cpp, line 759]
Event: 10.780 Thread 0x000001cd6c854140 Exception <a 'java/lang/NoSuchMethodError'{0x00000000a4400298}: 'void java.lang.invoke.DirectMethodHandle$Holder.invokeStatic(java.lang.Object, java.lang.Object, java.lang.Object, int)'> (0x00000000a4400298) 
thrown [s\src\hotspot\share\interpreter\linkResolver.cpp, line 759]
Event: 10.780 Thread 0x000001cd6c854140 Exception <a 'java/lang/NoSuchMethodError'{0x00000000a4403c70}: 'void java.lang.invoke.DirectMethodHandle$Holder.invokeStaticInit(java.lang.Object, java.lang.Object, java.lang.Object, int)'> (0x00000000a4403c70) 
thrown [s\src\hotspot\share\interpreter\linkResolver.cpp, line 759]
Event: 10.858 Thread 0x000001cd6c854140 Exception <a 'java/lang/NoSuchMethodError'{0x00000000a4218c38}: 'java.lang.Object java.lang.invoke.DirectMethodHandle$Holder.invokeStatic(java.lang.Object, java.lang.Object, int, int)'> (0x00000000a4218c38) 
thrown [s\src\hotspot\share\interpreter\linkResolver.cpp, line 759]
Event: 10.858 Thread 0x000001cd6c854140 Exception <a 'java/lang/NoSuchMethodError'{0x00000000a421c580}: 'java.lang.Object java.lang.invoke.DirectMethodHandle$Holder.invokeStaticInit(java.lang.Object, java.lang.Object, int, int)'> (0x00000000a421c580) 
thrown [s\src\hotspot\share\interpreter\linkResolver.cpp, line 759]
Event: 11.055 Thread 0x000001cd6c854140 Exception <a 'java/lang/NoSuchMethodError'{0x00000000a75099b0}: 'void java.lang.invoke.DirectMethodHandle$Holder.invokeVirtual(java.lang.Object, java.lang.Object)'> (0x00000000a75099b0) 
thrown [s\src\hotspot\share\interpreter\linkResolver.cpp, line 759]

VM Operations (20 events):
Event: 5.477 Executing VM operation: Cleanup done
Event: 8.509 Executing VM operation: Cleanup
Event: 8.509 Executing VM operation: Cleanup done
Event: 10.528 Executing VM operation: Cleanup
Event: 10.528 Executing VM operation: Cleanup done
Event: 10.558 Executing VM operation: HandshakeAllThreads
Event: 10.558 Executing VM operation: HandshakeAllThreads done
Event: 10.570 Executing VM operation: G1CollectForAllocation
Event: 10.577 Executing VM operation: G1CollectForAllocation done
Event: 10.613 Executing VM operation: G1CollectForAllocation
Event: 10.617 Executing VM operation: G1CollectForAllocation done
Event: 11.033 Executing VM operation: G1CollectForAllocation
Event: 11.035 Executing VM operation: G1CollectForAllocation done
Event: 11.048 Executing VM operation: HandshakeAllThreads
Event: 11.048 Executing VM operation: HandshakeAllThreads done
Event: 11.080 Executing VM operation: G1CollectForAllocation
Event: 11.082 Executing VM operation: G1CollectForAllocation done
Event: 11.095 Executing VM operation: G1CollectForAllocation
Event: 11.098 Executing VM operation: G1CollectForAllocation done
Event: 11.284 Executing VM operation: G1CollectForAllocation

Events (20 events):
Event: 11.134 loading class org/w3c/dom/DOMImplementation
Event: 11.134 loading class org/w3c/dom/DOMImplementation done
Event: 11.137 loading class org/xml/sax/ext/LexicalHandler
Event: 11.137 loading class org/xml/sax/ext/LexicalHandler done
Event: 11.137 loading class org/xml/sax/ext/DeclHandler
Event: 11.137 loading class org/xml/sax/ext/DeclHandler done
Event: 11.144 loading class org/w3c/dom/CDATASection
Event: 11.144 loading class org/w3c/dom/CDATASection done
Event: 11.155 loading class java/lang/AbstractMethodError
Event: 11.155 loading class java/lang/AbstractMethodError done
Event: 11.160 loading class org/w3c/dom/Comment
Event: 11.160 loading class org/w3c/dom/Comment done
Event: 11.162 loading class org/w3c/dom/ProcessingInstruction
Event: 11.162 loading class org/w3c/dom/ProcessingInstruction done
Event: 11.164 loading class org/w3c/dom/DocumentFragment
Event: 11.164 loading class org/w3c/dom/DocumentFragment done
Event: 11.208 loading class java/util/ConcurrentModificationException
Event: 11.208 loading class java/util/ConcurrentModificationException done
Event: 11.244 loading class java/lang/Short$ShortCache
Event: 11.244 loading class java/lang/Short$ShortCache done


Dynamic libraries:
0x00007ff70de50000 - 0x00007ff70de5e000 	C:\Users\lenovo\.p2\pool\plugins\org.eclipse.justj.openjdk.hotspot.jre.full.win32.x86_64_17.0.8.v20230831-1047\jre\bin\javaw.exe
0x00007ffcde2d0000 - 0x00007ffcde4e7000 	C:\WINDOWS\SYSTEM32\ntdll.dll
0x00007ffcdcc30000 - 0x00007ffcdccf4000 	C:\WINDOWS\System32\KERNEL32.DLL
0x00007ffcdb630000 - 0x00007ffcdba00000 	C:\WINDOWS\System32\KERNELBASE.dll
0x00007ffcdbb70000 - 0x00007ffcdbc81000 	C:\WINDOWS\System32\ucrtbase.dll
0x00007ffccf310000 - 0x00007ffccf329000 	C:\Users\lenovo\.p2\pool\plugins\org.eclipse.justj.openjdk.hotspot.jre.full.win32.x86_64_17.0.8.v20230831-1047\jre\bin\VCRUNTIME140.dll
0x00007ffcd7980000 - 0x00007ffcd7997000 	C:\Users\lenovo\.p2\pool\plugins\org.eclipse.justj.openjdk.hotspot.jre.full.win32.x86_64_17.0.8.v20230831-1047\jre\bin\jli.dll
0x00007ffcdc230000 - 0x00007ffcdc3de000 	C:\WINDOWS\System32\USER32.dll
0x00007ffcdbdf0000 - 0x00007ffcdbe16000 	C:\WINDOWS\System32\win32u.dll
0x00007ffcbf550000 - 0x00007ffcbf7e2000 	C:\WINDOWS\WinSxS\amd64_microsoft.windows.common-controls_6595b64144ccf1df_6.0.22621.4830_none_270fe7d773858e80\COMCTL32.dll
0x00007ffcdd3f0000 - 0x00007ffcdd419000 	C:\WINDOWS\System32\GDI32.dll
0x00007ffcddd00000 - 0x00007ffcddda7000 	C:\WINDOWS\System32\msvcrt.dll
0x00007ffcdbe20000 - 0x00007ffcdbf3b000 	C:\WINDOWS\System32\gdi32full.dll
0x00007ffcdbc90000 - 0x00007ffcdbd2a000 	C:\WINDOWS\System32\msvcp_win.dll
0x00007ffcdbfc0000 - 0x00007ffcdbff1000 	C:\WINDOWS\System32\IMM32.DLL
0x00007ffcd7310000 - 0x00007ffcd731c000 	C:\Users\lenovo\.p2\pool\plugins\org.eclipse.justj.openjdk.hotspot.jre.full.win32.x86_64_17.0.8.v20230831-1047\jre\bin\vcruntime140_1.dll
0x00007ffca7270000 - 0x00007ffca7301000 	C:\Users\lenovo\.p2\pool\plugins\org.eclipse.justj.openjdk.hotspot.jre.full.win32.x86_64_17.0.8.v20230831-1047\jre\bin\msvcp140.dll
0x00007ffc8c0d0000 - 0x00007ffc8cd1c000 	C:\Users\lenovo\.p2\pool\plugins\org.eclipse.justj.openjdk.hotspot.jre.full.win32.x86_64_17.0.8.v20230831-1047\jre\bin\server\jvm.dll
0x00007ffcdcb70000 - 0x00007ffcdcc21000 	C:\WINDOWS\System32\ADVAPI32.dll
0x00007ffcdc3e0000 - 0x00007ffcdc487000 	C:\WINDOWS\System32\sechost.dll
0x00007ffcdb580000 - 0x00007ffcdb5a8000 	C:\WINDOWS\System32\bcrypt.dll
0x00007ffcdce50000 - 0x00007ffcdcf64000 	C:\WINDOWS\System32\RPCRT4.dll
0x00007ffcbcdf0000 - 0x00007ffcbcdf9000 	C:\WINDOWS\SYSTEM32\WSOCK32.dll
0x00007ffcdb450000 - 0x00007ffcdb49d000 	C:\WINDOWS\SYSTEM32\POWRPROF.dll
0x00007ffcd6e60000 - 0x00007ffcd6e94000 	C:\WINDOWS\SYSTEM32\WINMM.dll
0x00007ffcdcd00000 - 0x00007ffcdcd71000 	C:\WINDOWS\System32\WS2_32.dll
0x00007ffcd71c0000 - 0x00007ffcd71ca000 	C:\WINDOWS\SYSTEM32\VERSION.dll
0x00007ffcdb430000 - 0x00007ffcdb443000 	C:\WINDOWS\SYSTEM32\UMPDC.dll
0x00007ffcda520000 - 0x00007ffcda538000 	C:\WINDOWS\SYSTEM32\kernel.appcore.dll
0x00007ffcd7d90000 - 0x00007ffcd7d9a000 	C:\Users\lenovo\.p2\pool\plugins\org.eclipse.justj.openjdk.hotspot.jre.full.win32.x86_64_17.0.8.v20230831-1047\jre\bin\jimage.dll
0x00007ffcd8f40000 - 0x00007ffcd9172000 	C:\WINDOWS\SYSTEM32\DBGHELP.DLL
0x00007ffcdddb0000 - 0x00007ffcde140000 	C:\WINDOWS\System32\combase.dll
0x00007ffcde140000 - 0x00007ffcde217000 	C:\WINDOWS\System32\OLEAUT32.dll
0x00007ffccfb50000 - 0x00007ffccfb82000 	C:\WINDOWS\SYSTEM32\dbgcore.DLL
0x00007ffcdbf40000 - 0x00007ffcdbfbb000 	C:\WINDOWS\System32\bcryptPrimitives.dll
0x00007ffccf2d0000 - 0x00007ffccf2f5000 	C:\Users\lenovo\.p2\pool\plugins\org.eclipse.justj.openjdk.hotspot.jre.full.win32.x86_64_17.0.8.v20230831-1047\jre\bin\java.dll
0x00007ffcd3800000 - 0x00007ffcd3818000 	C:\Users\lenovo\.p2\pool\plugins\org.eclipse.justj.openjdk.hotspot.jre.full.win32.x86_64_17.0.8.v20230831-1047\jre\bin\zip.dll
0x00007ffcdd420000 - 0x00007ffcddc98000 	C:\WINDOWS\System32\SHELL32.dll
0x00007ffcd9480000 - 0x00007ffcd9d90000 	C:\WINDOWS\SYSTEM32\windows.storage.dll
0x00007ffcd9340000 - 0x00007ffcd947f000 	C:\WINDOWS\SYSTEM32\wintypes.dll
0x00007ffcdc4c0000 - 0x00007ffcdc5ca000 	C:\WINDOWS\System32\SHCORE.dll
0x00007ffcdc600000 - 0x00007ffcdc65e000 	C:\WINDOWS\System32\shlwapi.dll
0x00007ffcdb4b0000 - 0x00007ffcdb4db000 	C:\WINDOWS\SYSTEM32\profapi.dll
0x00007ffccf3e0000 - 0x00007ffccf3f9000 	C:\Users\lenovo\.p2\pool\plugins\org.eclipse.justj.openjdk.hotspot.jre.full.win32.x86_64_17.0.8.v20230831-1047\jre\bin\net.dll
0x00007ffcd6ea0000 - 0x00007ffcd6fcc000 	C:\WINDOWS\SYSTEM32\WINHTTP.dll
0x00007ffcda9f0000 - 0x00007ffcdaa5a000 	C:\WINDOWS\system32\mswsock.dll
0x00007ffccf3a0000 - 0x00007ffccf3b5000 	C:\Users\lenovo\.p2\pool\plugins\org.eclipse.justj.openjdk.hotspot.jre.full.win32.x86_64_17.0.8.v20230831-1047\jre\bin\nio.dll
0x00007ffcda060000 - 0x00007ffcda162000 	C:\WINDOWS\SYSTEM32\DNSAPI.dll
0x00007ffcd9ff0000 - 0x00007ffcda01d000 	C:\WINDOWS\SYSTEM32\IPHLPAPI.DLL
0x00007ffcdc160000 - 0x00007ffcdc169000 	C:\WINDOWS\System32\NSI.dll
0x00007ffcce800000 - 0x00007ffcce80a000 	C:\Windows\System32\rasadhlp.dll
0x00007ffcd5ba0000 - 0x00007ffcd5c23000 	C:\WINDOWS\System32\fwpuclnt.dll
0x00007ffcdac40000 - 0x00007ffcdac5b000 	C:\WINDOWS\SYSTEM32\CRYPTSP.dll
0x00007ffcda4e0000 - 0x00007ffcda515000 	C:\WINDOWS\system32\rsaenh.dll
0x00007ffcdaa90000 - 0x00007ffcdaab8000 	C:\WINDOWS\SYSTEM32\USERENV.dll
0x00007ffcdac00000 - 0x00007ffcdac0c000 	C:\WINDOWS\SYSTEM32\CRYPTBASE.dll
0x00007ffcd71d0000 - 0x00007ffcd71e9000 	C:\WINDOWS\SYSTEM32\dhcpcsvc6.DLL
0x00007ffcd6e40000 - 0x00007ffcd6e5f000 	C:\WINDOWS\SYSTEM32\dhcpcsvc.DLL
0x00007ffcd7bb0000 - 0x00007ffcd7bb9000 	C:\Users\lenovo\.p2\pool\plugins\org.eclipse.justj.openjdk.hotspot.jre.full.win32.x86_64_17.0.8.v20230831-1047\jre\bin\management.dll
0x00007ffcd79e0000 - 0x00007ffcd79eb000 	C:\Users\lenovo\.p2\pool\plugins\org.eclipse.justj.openjdk.hotspot.jre.full.win32.x86_64_17.0.8.v20230831-1047\jre\bin\management_ext.dll
0x00007ffcdc5f0000 - 0x00007ffcdc5f8000 	C:\WINDOWS\System32\PSAPI.DLL
0x00007ffcd7970000 - 0x00007ffcd797e000 	C:\Users\lenovo\.p2\pool\plugins\org.eclipse.justj.openjdk.hotspot.jre.full.win32.x86_64_17.0.8.v20230831-1047\jre\bin\sunmscapi.dll
0x00007ffcdba00000 - 0x00007ffcdbb66000 	C:\WINDOWS\System32\CRYPT32.dll
0x00007ffcdae30000 - 0x00007ffcdae5d000 	C:\WINDOWS\SYSTEM32\ncrypt.dll
0x00007ffcdadf0000 - 0x00007ffcdae27000 	C:\WINDOWS\SYSTEM32\NTASN1.dll
0x00007ffcafe70000 - 0x00007ffcafe78000 	C:\WINDOWS\system32\wshunix.dll

dbghelp: loaded successfully - version: 4.0.5 - missing functions: none
symbol engine: initialized successfully - sym options: 0x614 - pdb path: .;C:\Users\lenovo\.p2\pool\plugins\org.eclipse.justj.openjdk.hotspot.jre.full.win32.x86_64_17.0.8.v20230831-1047\jre\bin;C:\WINDOWS\SYSTEM32;C:\WINDOWS\WinSxS\amd64_microsoft.windows.common-controls_6595b64144ccf1df_6.0.22621.4830_none_270fe7d773858e80;C:\Users\lenovo\.p2\pool\plugins\org.eclipse.justj.openjdk.hotspot.jre.full.win32.x86_64_17.0.8.v20230831-1047\jre\bin\server

VM Arguments:
jvm_args: -ea -Dfile.encoding=UTF-8 -Dstdout.encoding=UTF-8 -Dstderr.encoding=UTF-8 -XX:+ShowCodeDetailsInExceptionMessages 
java_command: org.testng.remote.RemoteTestNG -serport 64890 -protocol json -d C:\Users\lenovo\Desktop\Test\Day23\SpiceJet\test-output C:\Users\lenovo\AppData\Local\Temp\testng-eclipse--2063771798\testng-customsuite.xml
java_class_path (initial): C:\Users\lenovo\java-2023-092\eclipse\configuration\org.eclipse.osgi\523\0\.cp\lib\testng-remote.jar;C:\Users\lenovo\Desktop\Test\Day23\SpiceJet\target\test-classes;C:\Users\lenovo\Desktop\Test\Day23\SpiceJet\target\classes;C:\Users\lenovo\.p2\pool\plugins\org.testng_7.4.0.r202105021533.jar;C:\Users\lenovo\.p2\pool\plugins\com.beust.jcommander_1.78.0.jar;C:\Users\lenovo\.p2\pool\plugins\org.apache-extras.beanshell.bsh_2.0.0.b6.jar;C:\Users\lenovo\.p2\pool\plugins\org.yaml.snakeyaml_1.21.0.jar;C:\Users\lenovo\.p2\pool\plugins\org.webjars.jquery_3.5.1.jar;C:\Users\lenovo\.m2\repository\org\seleniumhq\selenium\selenium-java\4.29.0\selenium-java-4.29.0.jar;C:\Users\lenovo\.m2\repository\org\seleniumhq\selenium\selenium-api\4.29.0\selenium-api-4.29.0.jar;C:\Users\lenovo\.m2\repository\org\jspecify\jspecify\1.0.0\jspecify-1.0.0.jar;C:\Users\lenovo\.m2\repository\org\seleniumhq\selenium\selenium-chrome-driver\4.29.0\selenium-chrome-driver-4.29.0.jar;C:\Users\lenovo\.m2\repository\com\google\auto\service\auto-service-annotations\1.1.1\auto-service-annotations-1.1.1.jar;C:\Users\lenovo\.m2\repository\org\seleniumhq\selenium\selenium-chromium-driver\4.29.0\selenium-chromium-driver-4.29.0.jar;C:\Users\lenovo\.m2\repository\org\seleniumhq\selenium\selenium-json\4.29.0\selenium-json-4.29.0.jar;C:\Users\lenovo\.m2\repository\org\seleniumhq\selenium\selenium-manager\4.29.0\selenium-manager-4.29.0.jar;C:\Users\lenovo\.m2\repository\org\seleniumhq\selenium\selenium-devtools-v131\4.29.0\selenium-devtools-v131-4.29.0.jar;C:\Users\lenovo\.m2\repository\org\seleniumhq\selenium\selenium-devtools-v132\4.29.0\selenium-devtools-v132-4.29.0.jar;C:\Users\lenovo\.m2\repository\org\seleniumhq\selenium\selenium-devtools-v133\4.29.0\selenium-devtools-v133-4.29.0.jar;C:\Users\lenovo\.m2\repository\org\seleniumhq\selenium\selenium-devtools-v85\4.29.0\selenium-devtools-v85-4.29.0.jar;C:\Users\lenovo\.m2\repository\org\seleniumhq\selenium\selenium-edge-driver\4.29.0\selen
Launcher Type: SUN_STANDARD

[Global flags]
     intx CICompilerCount                          = 4                                         {product} {ergonomic}
     uint ConcGCThreads                            = 3                                         {product} {ergonomic}
     uint G1ConcRefinementThreads                  = 10                                        {product} {ergonomic}
   size_t G1HeapRegionSize                         = 1048576                                   {product} {ergonomic}
    uintx GCDrainStackTargetSize                   = 64                                        {product} {ergonomic}
   size_t InitialHeapSize                          = 98566144                                  {product} {ergonomic}
   size_t MarkStackSize                            = 4194304                                   {product} {ergonomic}
   size_t MaxHeapSize                              = 1572864000                                {product} {ergonomic}
   size_t MaxNewSize                               = 943718400                                 {product} {ergonomic}
   size_t MinHeapDeltaBytes                        = 1048576                                   {product} {ergonomic}
   size_t MinHeapSize                              = 8388608                                   {product} {ergonomic}
    uintx NonNMethodCodeHeapSize                   = 5839372                                {pd product} {ergonomic}
    uintx NonProfiledCodeHeapSize                  = 122909434                              {pd product} {ergonomic}
    uintx ProfiledCodeHeapSize                     = 122909434                              {pd product} {ergonomic}
    uintx ReservedCodeCacheSize                    = 251658240                              {pd product} {ergonomic}
     bool SegmentedCodeCache                       = true                                      {product} {ergonomic}
     bool ShowCodeDetailsInExceptionMessages       = true                                   {manageable} {command line}
   size_t SoftMaxHeapSize                          = 1572864000                             {manageable} {ergonomic}
     bool UseCompressedClassPointers               = true                           {product lp64_product} {ergonomic}
     bool UseCompressedOops                        = true                           {product lp64_product} {ergonomic}
     bool UseG1GC                                  = true                                      {product} {ergonomic}
     bool UseLargePagesIndividualAllocation        = false                                  {pd product} {ergonomic}

Logging:
Log output configuration:
 #0: stdout all=warning uptime,level,tags
 #1: stderr all=off uptime,level,tags

Environment Variables:
JAVA_HOME=C:\Users\lenovo\AppData\Local\Programs\Eclipse Adoptium\jdk-17.0.8.101-hotspot\
PATH=C:/Users/lenovo/.p2/pool/plugins/org.eclipse.justj.openjdk.hotspot.jre.full.win32.x86_64_17.0.8.v20230831-1047/jre/bin/server;C:/Users/lenovo/.p2/pool/plugins/org.eclipse.justj.openjdk.hotspot.jre.full.win32.x86_64_17.0.8.v20230831-1047/jre/bin;C:\Python312\Scripts\;C:\Python312\;C:\Windows\system32;C:\Windows;C:\Windows\System32\Wbem;C:\Windows\System32\WindowsPowerShell\v1.0\;C:\Windows\System32\OpenSSH\;C:\Program Files (x86)\NVIDIA Corporation\PhysX\Common;C:\Program Files\NVIDIA Corporation\NVIDIA NvDLISR;C:\WINDOWS\system32;C:\WINDOWS;C:\WINDOWS\System32\Wbem;C:\WINDOWS\System32\WindowsPowerShell\v1.0\;C:\WINDOWS\System32\OpenSSH\;C:\Program Files\maven\apache-maven-3.9.6\bin;C:\Program Files\Git\cmd;C:\Program Files\nodejs\;C:\ProgramData\chocolatey\bin;;C:\Program Files\Docker\Docker\resources\bin;C:\Program Files\MySQL\MySQL Shell 8.0\bin\;C:\Users\lenovo\AppData\Local\Programs\Eclipse Adoptium\jdk-17.0.8.101-hotspot\bin;C:\Users\lenovo\AppData\Local\Microsoft\WindowsApps;C:\Users\lenovo\AppData\Local\Programs\Microsoft VS Code\bin;C:\Program Files\maven\apache-maven-3.9.6\bin;C:\Users\lenovo\AppData\Roaming\npm;C:\Program Files\JetBrains\IntelliJ IDEA Community Edition 2023.3.4\bin;;C:\WINDOWS\system32;
USERNAME=lenovo
OS=Windows_NT
PROCESSOR_IDENTIFIER=AMD64 Family 25 Model 80 Stepping 0, AuthenticAMD
TMP=C:\Users\lenovo\AppData\Local\Temp
TEMP=C:\Users\lenovo\AppData\Local\Temp



---------------  S Y S T E M  ---------------

OS:
 Windows 11 , 64 bit Build 22621 (10.0.22621.4830)
OS uptime: 23 days 4:13 hours
Hyper-V role detected

CPU: total 12 (initial active 12) (12 cores per cpu, 2 threads per core) family 25 model 80 stepping 0 microcode 0x0, cx8, cmov, fxsr, ht, mmx, 3dnowpref, sse, sse2, sse3, ssse3, sse4a, sse4.1, sse4.2, popcnt, lzcnt, tsc, tscinvbit, avx, avx2, aes, erms, clmul, bmi1, bmi2, adx, sha, fma, vzeroupper, clflush, clflushopt, hv
Processor Information for processor 0
  Max Mhz: 3301, Current Mhz: 1805, Mhz Limit: 3301
Processor Information for processor 1
  Max Mhz: 3301, Current Mhz: 1805, Mhz Limit: 3301
Processor Information for processor 2
  Max Mhz: 3301, Current Mhz: 1805, Mhz Limit: 3301
Processor Information for processor 3
  Max Mhz: 3301, Current Mhz: 1805, Mhz Limit: 3301
Processor Information for processor 4
  Max Mhz: 3301, Current Mhz: 1805, Mhz Limit: 3301
Processor Information for processor 5
  Max Mhz: 3301, Current Mhz: 1805, Mhz Limit: 3301
Processor Information for processor 6
  Max Mhz: 3301, Current Mhz: 3301, Mhz Limit: 3301
Processor Information for processor 7
  Max Mhz: 3301, Current Mhz: 3301, Mhz Limit: 3301
Processor Information for processor 8
  Max Mhz: 3301, Current Mhz: 1805, Mhz Limit: 3301
Processor Information for processor 9
  Max Mhz: 3301, Current Mhz: 1805, Mhz Limit: 3301
Processor Information for processor 10
  Max Mhz: 3301, Current Mhz: 1805, Mhz Limit: 3301
Processor Information for processor 11
  Max Mhz: 3301, Current Mhz: 1805, Mhz Limit: 3301

Memory: 4k page, system-wide physical 5996M (410M free)
TotalPageFile size 24422M (AvailPageFile size 31M)
current process WorkingSet (physical memory assigned to process): 136M, peak: 136M
current process commit charge ("private bytes"): 174M, peak: 215M

vm_info: OpenJDK 64-Bit Server VM (17.0.8.1+1) for windows-amd64 JRE (17.0.8.1+1), built on Aug 23 2023 15:29:17 by "admin" with MS VC++ 16.7 (VS2019)

END.
