#
# There is insufficient memory for the Java Runtime Environment to continue.
# Native memory allocation (malloc) failed to allocate 653856 bytes for Chunk::new
# Possible reasons:
#   The system is out of physical RAM or swap space
#   The process is running with CompressedOops enabled, and the Java Heap may be blocking the growth of the native heap
# Possible solutions:
#   Reduce memory load on the system
#   Increase physical memory or swap space
#   Check if swap backing store is full
#   Decrease Java heap size (-Xmx/-Xms)
#   Decrease number of Java threads
#   Decrease Java thread stack sizes (-Xss)
#   Set larger code cache with -XX:ReservedCodeCacheSize=
#   JVM is running with Unscaled Compressed Oops mode in which the Java heap is
#     placed in the first 4GB address space. The Java Heap base address is the
#     maximum limit for the native heap growth. Please use -XX:HeapBaseMinAddress
#     to set the Java Heap base and to place the Java Heap above 4GB virtual address.
# This output file may be truncated or incomplete.
#
#  Out of Memory Error (arena.cpp:189), pid=42700, tid=54660
#
# JRE version: OpenJDK Runtime Environment Temurin-17.0.8.1+1 (17.0.8.1+1) (build 17.0.8.1+1)
# Java VM: OpenJDK 64-Bit Server VM Temurin-17.0.8.1+1 (17.0.8.1+1, mixed mode, tiered, compressed oops, compressed class ptrs, g1 gc, windows-amd64)
# No core dump will be written. Minidumps are not enabled by default on client versions of Windows
#

---------------  S U M M A R Y ------------

Command Line: -ea -Dfile.encoding=UTF-8 -Dstdout.encoding=UTF-8 -Dstderr.encoding=UTF-8 -XX:+ShowCodeDetailsInExceptionMessages org.testng.remote.RemoteTestNG -serport 49402 -protocol json -d C:\Users\lenovo\Desktop\Test\Day23\SpiceJet\test-output C:\Users\lenovo\AppData\Local\Temp\testng-eclipse--927829412\testng-customsuite.xml

Host: AMD Ryzen 5 5600H with Radeon Graphics         , 12 cores, 5G,  Windows 11 , 64 bit Build 22621 (10.0.22621.4830)
Time: Thu Mar 27 01:16:29 2025 India Standard Time elapsed time: 11.760092 seconds (0d 0h 0m 11s)

---------------  T H R E A D  ---------------

Current thread (0x00000221e46eab80):  JavaThread "C2 CompilerThread0" daemon [_thread_in_native, id=54660, stack(0x0000007a64e00000,0x0000007a64f00000)]


Current CompileTask:
C2:  11760 3698   !   4       com.sun.org.apache.xerces.internal.impl.XMLDocumentFragmentScannerImpl$FragmentContentDriver::next (2331 bytes)

Stack: [0x0000007a64e00000,0x0000007a64f00000]
Native frames: (J=compiled Java code, j=interpreted, Vv=VM code, C=native code)
V  [jvm.dll+0x678b0a]
V  [jvm.dll+0x835e84]
V  [jvm.dll+0x83762e]
V  [jvm.dll+0x837c93]
V  [jvm.dll+0x24746f]
V  [jvm.dll+0xac20c]
V  [jvm.dll+0xac7dc]
V  [jvm.dll+0x365ca7]
V  [jvm.dll+0x1bd1f8]
V  [jvm.dll+0x219d49]
V  [jvm.dll+0x219011]
V  [jvm.dll+0x1a534d]
V  [jvm.dll+0x228d8a]
V  [jvm.dll+0x226dcc]
V  [jvm.dll+0x7ec09b]
V  [jvm.dll+0x7e64ca]
V  [jvm.dll+0x677955]
C  [ucrtbase.dll+0x29333]
C  [KERNEL32.DLL+0x1259d]
C  [ntdll.dll+0x5af38]


---------------  P R O C E S S  ---------------

Threads class SMR info:
_java_thread_list=0x00000221ea6843f0, length=29, elements={
0x00000221cb665bd0, 0x00000221e46785a0, 0x00000221e4679030, 0x00000221e469a000,
0x00000221e469a7d0, 0x00000221e469afa0, 0x00000221e46a1990, 0x00000221e46eab80,
0x00000221e46f4170, 0x00000221e46f66a0, 0x00000221e4808b60, 0x00000221e4809450,
0x00000221e9620a50, 0x00000221e98610f0, 0x00000221e9942920, 0x00000221e9ea3440,
0x00000221e9ea1ea0, 0x00000221e9ea2dd0, 0x00000221e9ea1480, 0x00000221e9ea23b0,
0x00000221e9ea28c0, 0x00000221e9ebd3b0, 0x00000221e9ebc480, 0x00000221e9ec0b60,
0x00000221e9ebbf70, 0x00000221e9ebfc30, 0x00000221e9ebed00, 0x00000221e9ebe2e0,
0x00000221e9ebcea0
}

Java Threads: ( => current thread )
  0x00000221cb665bd0 JavaThread "Forwarding clickElement on session b6024711d17db0c02df2aab0db11aa82 to remote" [_thread_blocked, id=47488, stack(0x0000007a64100000,0x0000007a64200000)]
  0x00000221e46785a0 JavaThread "Reference Handler" daemon [_thread_blocked, id=54152, stack(0x0000007a64800000,0x0000007a64900000)]
  0x00000221e4679030 JavaThread "Finalizer" daemon [_thread_blocked, id=45948, stack(0x0000007a64900000,0x0000007a64a00000)]
  0x00000221e469a000 JavaThread "Signal Dispatcher" daemon [_thread_blocked, id=14860, stack(0x0000007a64a00000,0x0000007a64b00000)]
  0x00000221e469a7d0 JavaThread "Attach Listener" daemon [_thread_blocked, id=56428, stack(0x0000007a64b00000,0x0000007a64c00000)]
  0x00000221e469afa0 JavaThread "Service Thread" daemon [_thread_blocked, id=56948, stack(0x0000007a64c00000,0x0000007a64d00000)]
  0x00000221e46a1990 JavaThread "Monitor Deflation Thread" daemon [_thread_blocked, id=44316, stack(0x0000007a64d00000,0x0000007a64e00000)]
=>0x00000221e46eab80 JavaThread "C2 CompilerThread0" daemon [_thread_in_native, id=54660, stack(0x0000007a64e00000,0x0000007a64f00000)]
  0x00000221e46f4170 JavaThread "C1 CompilerThread0" daemon [_thread_blocked, id=20392, stack(0x0000007a64f00000,0x0000007a65000000)]
  0x00000221e46f66a0 JavaThread "Sweeper thread" daemon [_thread_blocked, id=9528, stack(0x0000007a65000000,0x0000007a65100000)]
  0x00000221e4808b60 JavaThread "Notification Thread" daemon [_thread_blocked, id=47852, stack(0x0000007a65100000,0x0000007a65200000)]
  0x00000221e4809450 JavaThread "Common-Cleaner" daemon [_thread_blocked, id=49052, stack(0x0000007a65300000,0x0000007a65400000)]
  0x00000221e9620a50 JavaThread "ReaderThread" [_thread_in_native, id=31696, stack(0x0000007a65500000,0x0000007a65600000)]
  0x00000221e98610f0 JavaThread "ForkJoinPool.commonPool-worker-1" daemon [_thread_blocked, id=57724, stack(0x0000007a65600000,0x0000007a65700000)]
  0x00000221e9942920 JavaThread "HttpClient-1-SelectorManager" daemon [_thread_in_native, id=47860, stack(0x0000007a66200000,0x0000007a66300000)]
  0x00000221e9ea3440 JavaThread "External Process Output Forwarder - C:\Users\lenovo\.cache\selenium\chromedriver\win64\134.0.6998.165\chromedriver.exe" daemon [_thread_in_native, id=58428, stack(0x0000007a66300000,0x0000007a66400000)]
  0x00000221e9ea1ea0 JavaThread "Driver Service Executor" daemon [_thread_blocked, id=49512, stack(0x0000007a66400000,0x0000007a66500000)]
  0x00000221e9ea2dd0 JavaThread "Driver Service Executor" daemon [_thread_in_native, id=55476, stack(0x0000007a66500000,0x0000007a66600000)]
  0x00000221e9ea1480 JavaThread "UrlChecker-2" daemon [_thread_blocked, id=60184, stack(0x0000007a66600000,0x0000007a66700000)]
  0x00000221e9ea23b0 JavaThread "JdkHttpClient-0-0" daemon [_thread_blocked, id=56040, stack(0x0000007a66800000,0x0000007a66900000)]
  0x00000221e9ea28c0 JavaThread "CompletableFutureDelayScheduler" daemon [_thread_blocked, id=49320, stack(0x0000007a66900000,0x0000007a66a00000)]
  0x00000221e9ebd3b0 JavaThread "JdkHttpClient-0-1" daemon [_thread_blocked, id=56628, stack(0x0000007a66a00000,0x0000007a66b00000)]
  0x00000221e9ebc480 JavaThread "JdkHttpClient-0-2" daemon [_thread_blocked, id=37832, stack(0x0000007a66b00000,0x0000007a66c00000)]
  0x00000221e9ec0b60 JavaThread "JdkHttpClient-0-3" daemon [_thread_blocked, id=11164, stack(0x0000007a66c00000,0x0000007a66d00000)]
  0x00000221e9ebbf70 JavaThread "HttpClient-2-SelectorManager" daemon [_thread_in_native, id=50132, stack(0x0000007a66d00000,0x0000007a66e00000)]
  0x00000221e9ebfc30 JavaThread "JdkHttpClient-1-0" daemon [_thread_blocked, id=53756, stack(0x0000007a66e00000,0x0000007a66f00000)]
  0x00000221e9ebed00 JavaThread "JdkHttpClient-1-1" daemon [_thread_blocked, id=60248, stack(0x0000007a66f00000,0x0000007a67000000)]
  0x00000221e9ebe2e0 JavaThread "JdkHttpClient-1-2" daemon [_thread_blocked, id=39668, stack(0x0000007a67000000,0x0000007a67100000)]
  0x00000221e9ebcea0 JavaThread "JdkHttpClient-1-3" daemon [_thread_blocked, id=23968, stack(0x0000007a67100000,0x0000007a67200000)]

Other Threads:
  0x00000221e4630ad0 VMThread "VM Thread" [stack: 0x0000007a64700000,0x0000007a64800000] [id=57716]
  0x00000221cb6c9f30 WatcherThread [stack: 0x0000007a65200000,0x0000007a65300000] [id=59236]
  0x00000221cb6b5c10 GCTaskThread "GC Thread#0" [stack: 0x0000007a64200000,0x0000007a64300000] [id=60120]
  0x00000221e97b8450 GCTaskThread "GC Thread#1" [stack: 0x0000007a65700000,0x0000007a65800000] [id=54100]
  0x00000221e97b8710 GCTaskThread "GC Thread#2" [stack: 0x0000007a65800000,0x0000007a65900000] [id=43096]
  0x00000221e97b89d0 GCTaskThread "GC Thread#3" [stack: 0x0000007a65900000,0x0000007a65a00000] [id=46472]
  0x00000221e9876410 GCTaskThread "GC Thread#4" [stack: 0x0000007a65a00000,0x0000007a65b00000] [id=39104]
  0x00000221e98766d0 GCTaskThread "GC Thread#5" [stack: 0x0000007a65b00000,0x0000007a65c00000] [id=38848]
  0x00000221e9876990 GCTaskThread "GC Thread#6" [stack: 0x0000007a65c00000,0x0000007a65d00000] [id=35872]
  0x00000221e9876c50 GCTaskThread "GC Thread#7" [stack: 0x0000007a65d00000,0x0000007a65e00000] [id=54636]
  0x00000221e98a6760 GCTaskThread "GC Thread#8" [stack: 0x0000007a65e00000,0x0000007a65f00000] [id=45968]
  0x00000221e98a6a20 GCTaskThread "GC Thread#9" [stack: 0x0000007a65f00000,0x0000007a66000000] [id=57188]
  0x00000221cb6c26e0 ConcurrentGCThread "G1 Main Marker" [stack: 0x0000007a64300000,0x0000007a64400000] [id=46932]
  0x00000221cb6c3890 ConcurrentGCThread "G1 Conc#0" [stack: 0x0000007a64400000,0x0000007a64500000] [id=42244]
  0x00000221e98ec190 ConcurrentGCThread "G1 Conc#1" [stack: 0x0000007a66000000,0x0000007a66100000] [id=44608]
  0x00000221e98ec450 ConcurrentGCThread "G1 Conc#2" [stack: 0x0000007a66100000,0x0000007a66200000] [id=32848]
  0x00000221cb70d640 ConcurrentGCThread "G1 Refine#0" [stack: 0x0000007a64500000,0x0000007a64600000] [id=58336]
  0x00000221cb70dc80 ConcurrentGCThread "G1 Service" [stack: 0x0000007a64600000,0x0000007a64700000] [id=43816]

Threads with active compile tasks:
C2 CompilerThread0    11785 3698   !   4       com.sun.org.apache.xerces.internal.impl.XMLDocumentFragmentScannerImpl$FragmentContentDriver::next (2331 bytes)

VM state: not at safepoint (normal execution)

VM Mutex/Monitor currently owned by a thread: None

Heap address: 0x00000000a2400000, size: 1500 MB, Compressed Oops mode: 32-bit

CDS archive(s) not mapped
Compressed class space mapped at: 0x0000000100000000-0x0000000140000000, reserved size: 1073741824
Narrow klass base: 0x0000000000000000, Narrow klass shift: 3, Narrow klass range: 0x140000000

GC Precious Log:
 CPUs: 12 total, 12 available
 Memory: 5996M
 Large Page Support: Disabled
 NUMA Support: Disabled
 Compressed Oops: Enabled (32-bit)
 Heap Region Size: 1M
 Heap Min Capacity: 8M
 Heap Initial Capacity: 94M
 Heap Max Capacity: 1500M
 Pre-touch: Disabled
 Parallel Workers: 10
 Concurrent Workers: 3
 Concurrent Refinement Workers: 10
 Periodic GC: Disabled

Heap:
 garbage-first heap   total 79872K, used 16194K [0x00000000a2400000, 0x0000000100000000)
  region size 1024K, 6 young (6144K), 3 survivors (3072K)
 Metaspace       used 35112K, committed 35456K, reserved 1114112K
  class space    used 3905K, committed 4096K, reserved 1048576K

Heap Regions: E=young(eden), S=young(survivor), O=old, HS=humongous(starts), HC=humongous(continues), CS=collection set, F=free, OA=open archive, CA=closed archive, TAMS=top-at-mark-start (previous, next)
|   0|0x00000000a2400000, 0x00000000a2500000, 0x00000000a2500000|100%|HS|  |TAMS 0x00000000a2500000, 0x00000000a2400000| Complete 
|   1|0x00000000a2500000, 0x00000000a2600000, 0x00000000a2600000|100%| O|  |TAMS 0x00000000a2600000, 0x00000000a2500000| Untracked 
|   2|0x00000000a2600000, 0x00000000a2700000, 0x00000000a2700000|100%| O|  |TAMS 0x00000000a2700000, 0x00000000a2600000| Untracked 
|   3|0x00000000a2700000, 0x00000000a2800000, 0x00000000a2800000|100%| O|  |TAMS 0x00000000a2800000, 0x00000000a2700000| Untracked 
|   4|0x00000000a2800000, 0x00000000a2900000, 0x00000000a2900000|100%| O|  |TAMS 0x00000000a280f000, 0x00000000a2800000| Untracked 
|   5|0x00000000a2900000, 0x00000000a2a00000, 0x00000000a2a00000|100%| O|  |TAMS 0x00000000a2900000, 0x00000000a2900000| Untracked 
|   6|0x00000000a2a00000, 0x00000000a2b00000, 0x00000000a2b00000|100%| O|  |TAMS 0x00000000a2a00000, 0x00000000a2a00000| Untracked 
|   7|0x00000000a2b00000, 0x00000000a2b5cc00, 0x00000000a2c00000| 36%| O|  |TAMS 0x00000000a2b00000, 0x00000000a2b00000| Untracked 
|   8|0x00000000a2c00000, 0x00000000a2d00000, 0x00000000a2d00000|100%| O|  |TAMS 0x00000000a2c00000, 0x00000000a2c00000| Untracked 
|   9|0x00000000a2d00000, 0x00000000a2e00000, 0x00000000a2e00000|100%| O|  |TAMS 0x00000000a2d00000, 0x00000000a2d00000| Untracked 
|  10|0x00000000a2e00000, 0x00000000a2f00000, 0x00000000a2f00000|100%| O|  |TAMS 0x00000000a2e00000, 0x00000000a2e00000| Untracked 
|  11|0x00000000a2f00000, 0x00000000a3000000, 0x00000000a3000000|100%| O|  |TAMS 0x00000000a2f00000, 0x00000000a2f00000| Untracked 
|  12|0x00000000a3000000, 0x00000000a3000000, 0x00000000a3100000|  0%| F|  |TAMS 0x00000000a3000000, 0x00000000a3000000| Untracked 
|  13|0x00000000a3100000, 0x00000000a3100000, 0x00000000a3200000|  0%| F|  |TAMS 0x00000000a3100000, 0x00000000a3100000| Untracked 
|  14|0x00000000a3200000, 0x00000000a3200000, 0x00000000a3300000|  0%| F|  |TAMS 0x00000000a3200000, 0x00000000a3200000| Untracked 
|  15|0x00000000a3300000, 0x00000000a3300000, 0x00000000a3400000|  0%| F|  |TAMS 0x00000000a3300000, 0x00000000a3300000| Untracked 
|  16|0x00000000a3400000, 0x00000000a3400000, 0x00000000a3500000|  0%| F|  |TAMS 0x00000000a3400000, 0x00000000a3400000| Untracked 
|  17|0x00000000a3500000, 0x00000000a3500000, 0x00000000a3600000|  0%| F|  |TAMS 0x00000000a3500000, 0x00000000a3500000| Untracked 
|  18|0x00000000a3600000, 0x00000000a3600000, 0x00000000a3700000|  0%| F|  |TAMS 0x00000000a3600000, 0x00000000a3600000| Untracked 
|  19|0x00000000a3700000, 0x00000000a3700000, 0x00000000a3800000|  0%| F|  |TAMS 0x00000000a3700000, 0x00000000a3700000| Untracked 
|  20|0x00000000a3800000, 0x00000000a3800000, 0x00000000a3900000|  0%| F|  |TAMS 0x00000000a3800000, 0x00000000a3800000| Untracked 
|  21|0x00000000a3900000, 0x00000000a3900000, 0x00000000a3a00000|  0%| F|  |TAMS 0x00000000a3900000, 0x00000000a3900000| Untracked 
|  22|0x00000000a3a00000, 0x00000000a3a00000, 0x00000000a3b00000|  0%| F|  |TAMS 0x00000000a3a00000, 0x00000000a3a00000| Untracked 
|  23|0x00000000a3b00000, 0x00000000a3b00000, 0x00000000a3c00000|  0%| F|  |TAMS 0x00000000a3b00000, 0x00000000a3b00000| Untracked 
|  24|0x00000000a3c00000, 0x00000000a3c00000, 0x00000000a3d00000|  0%| F|  |TAMS 0x00000000a3c00000, 0x00000000a3c00000| Untracked 
|  25|0x00000000a3d00000, 0x00000000a3d00000, 0x00000000a3e00000|  0%| F|  |TAMS 0x00000000a3d00000, 0x00000000a3d00000| Untracked 
|  26|0x00000000a3e00000, 0x00000000a3e00000, 0x00000000a3f00000|  0%| F|  |TAMS 0x00000000a3e00000, 0x00000000a3e00000| Untracked 
|  27|0x00000000a3f00000, 0x00000000a3f00000, 0x00000000a4000000|  0%| F|  |TAMS 0x00000000a3f00000, 0x00000000a3f00000| Untracked 
|  28|0x00000000a4000000, 0x00000000a4000000, 0x00000000a4100000|  0%| F|  |TAMS 0x00000000a4000000, 0x00000000a4000000| Untracked 
|  29|0x00000000a4100000, 0x00000000a4100000, 0x00000000a4200000|  0%| F|  |TAMS 0x00000000a4100000, 0x00000000a4100000| Untracked 
|  30|0x00000000a4200000, 0x00000000a4200000, 0x00000000a4300000|  0%| F|  |TAMS 0x00000000a4200000, 0x00000000a4200000| Untracked 
|  31|0x00000000a4300000, 0x00000000a4300000, 0x00000000a4400000|  0%| F|  |TAMS 0x00000000a4300000, 0x00000000a4300000| Untracked 
|  32|0x00000000a4400000, 0x00000000a4473ce0, 0x00000000a4500000| 45%| S|CS|TAMS 0x00000000a4400000, 0x00000000a4400000| Complete 
|  33|0x00000000a4500000, 0x00000000a4600000, 0x00000000a4600000|100%| S|CS|TAMS 0x00000000a4500000, 0x00000000a4500000| Complete 
|  34|0x00000000a4600000, 0x00000000a4700000, 0x00000000a4700000|100%| S|CS|TAMS 0x00000000a4600000, 0x00000000a4600000| Complete 
|  35|0x00000000a4700000, 0x00000000a4700000, 0x00000000a4800000|  0%| F|  |TAMS 0x00000000a4700000, 0x00000000a4700000| Untracked 
|  36|0x00000000a4800000, 0x00000000a4800000, 0x00000000a4900000|  0%| F|  |TAMS 0x00000000a4800000, 0x00000000a4800000| Untracked 
|  37|0x00000000a4900000, 0x00000000a4900000, 0x00000000a4a00000|  0%| F|  |TAMS 0x00000000a4900000, 0x00000000a4900000| Untracked 
|  38|0x00000000a4a00000, 0x00000000a4a00000, 0x00000000a4b00000|  0%| F|  |TAMS 0x00000000a4a00000, 0x00000000a4a00000| Untracked 
|  39|0x00000000a4b00000, 0x00000000a4b00000, 0x00000000a4c00000|  0%| F|  |TAMS 0x00000000a4b00000, 0x00000000a4b00000| Untracked 
|  40|0x00000000a4c00000, 0x00000000a4c00000, 0x00000000a4d00000|  0%| F|  |TAMS 0x00000000a4c00000, 0x00000000a4c00000| Untracked 
|  41|0x00000000a4d00000, 0x00000000a4d00000, 0x00000000a4e00000|  0%| F|  |TAMS 0x00000000a4d00000, 0x00000000a4d00000| Untracked 
|  42|0x00000000a4e00000, 0x00000000a4e00000, 0x00000000a4f00000|  0%| F|  |TAMS 0x00000000a4e00000, 0x00000000a4e00000| Untracked 
|  43|0x00000000a4f00000, 0x00000000a4f00000, 0x00000000a5000000|  0%| F|  |TAMS 0x00000000a4f00000, 0x00000000a4f00000| Untracked 
|  44|0x00000000a5000000, 0x00000000a5000000, 0x00000000a5100000|  0%| F|  |TAMS 0x00000000a5000000, 0x00000000a5000000| Untracked 
|  45|0x00000000a5100000, 0x00000000a5100000, 0x00000000a5200000|  0%| F|  |TAMS 0x00000000a5100000, 0x00000000a5100000| Untracked 
|  46|0x00000000a5200000, 0x00000000a5200000, 0x00000000a5300000|  0%| F|  |TAMS 0x00000000a5200000, 0x00000000a5200000| Untracked 
|  47|0x00000000a5300000, 0x00000000a5300000, 0x00000000a5400000|  0%| F|  |TAMS 0x00000000a5300000, 0x00000000a5300000| Untracked 
|  48|0x00000000a5400000, 0x00000000a5400000, 0x00000000a5500000|  0%| F|  |TAMS 0x00000000a5400000, 0x00000000a5400000| Untracked 
|  49|0x00000000a5500000, 0x00000000a5500000, 0x00000000a5600000|  0%| F|  |TAMS 0x00000000a5500000, 0x00000000a5500000| Untracked 
|  50|0x00000000a5600000, 0x00000000a5600000, 0x00000000a5700000|  0%| F|  |TAMS 0x00000000a5600000, 0x00000000a5600000| Untracked 
|  51|0x00000000a5700000, 0x00000000a5700000, 0x00000000a5800000|  0%| F|  |TAMS 0x00000000a5700000, 0x00000000a5700000| Untracked 
|  52|0x00000000a5800000, 0x00000000a5800000, 0x00000000a5900000|  0%| F|  |TAMS 0x00000000a5800000, 0x00000000a5800000| Untracked 
|  53|0x00000000a5900000, 0x00000000a5900000, 0x00000000a5a00000|  0%| F|  |TAMS 0x00000000a5900000, 0x00000000a5900000| Untracked 
|  54|0x00000000a5a00000, 0x00000000a5a00000, 0x00000000a5b00000|  0%| F|  |TAMS 0x00000000a5a00000, 0x00000000a5a00000| Untracked 
|  55|0x00000000a5b00000, 0x00000000a5b00000, 0x00000000a5c00000|  0%| F|  |TAMS 0x00000000a5b00000, 0x00000000a5b00000| Untracked 
|  56|0x00000000a5c00000, 0x00000000a5c00000, 0x00000000a5d00000|  0%| F|  |TAMS 0x00000000a5c00000, 0x00000000a5c00000| Untracked 
|  57|0x00000000a5d00000, 0x00000000a5d00000, 0x00000000a5e00000|  0%| F|  |TAMS 0x00000000a5d00000, 0x00000000a5d00000| Untracked 
|  58|0x00000000a5e00000, 0x00000000a5e00000, 0x00000000a5f00000|  0%| F|  |TAMS 0x00000000a5e00000, 0x00000000a5e00000| Untracked 
|  59|0x00000000a5f00000, 0x00000000a5f00000, 0x00000000a6000000|  0%| F|  |TAMS 0x00000000a5f00000, 0x00000000a5f00000| Untracked 
|  60|0x00000000a6000000, 0x00000000a6000000, 0x00000000a6100000|  0%| F|  |TAMS 0x00000000a6000000, 0x00000000a6000000| Untracked 
|  61|0x00000000a6100000, 0x00000000a6100000, 0x00000000a6200000|  0%| F|  |TAMS 0x00000000a6100000, 0x00000000a6100000| Untracked 
|  62|0x00000000a6200000, 0x00000000a6200000, 0x00000000a6300000|  0%| F|  |TAMS 0x00000000a6200000, 0x00000000a6200000| Untracked 
|  63|0x00000000a6300000, 0x00000000a6300000, 0x00000000a6400000|  0%| F|  |TAMS 0x00000000a6300000, 0x00000000a6300000| Untracked 
|  64|0x00000000a6400000, 0x00000000a6400000, 0x00000000a6500000|  0%| F|  |TAMS 0x00000000a6400000, 0x00000000a6400000| Untracked 
|  65|0x00000000a6500000, 0x00000000a6500000, 0x00000000a6600000|  0%| F|  |TAMS 0x00000000a6500000, 0x00000000a6500000| Untracked 
|  66|0x00000000a6600000, 0x00000000a6600000, 0x00000000a6700000|  0%| F|  |TAMS 0x00000000a6600000, 0x00000000a6600000| Untracked 
|  67|0x00000000a6700000, 0x00000000a6700000, 0x00000000a6800000|  0%| F|  |TAMS 0x00000000a6700000, 0x00000000a6700000| Untracked 
|  68|0x00000000a6800000, 0x00000000a6800000, 0x00000000a6900000|  0%| F|  |TAMS 0x00000000a6800000, 0x00000000a6800000| Untracked 
|  69|0x00000000a6900000, 0x00000000a6900000, 0x00000000a6a00000|  0%| F|  |TAMS 0x00000000a6900000, 0x00000000a6900000| Untracked 
|  70|0x00000000a6a00000, 0x00000000a6a00000, 0x00000000a6b00000|  0%| F|  |TAMS 0x00000000a6a00000, 0x00000000a6a00000| Untracked 
|  71|0x00000000a6b00000, 0x00000000a6b00000, 0x00000000a6c00000|  0%| F|  |TAMS 0x00000000a6b00000, 0x00000000a6b00000| Untracked 
|  72|0x00000000a6c00000, 0x00000000a6c00000, 0x00000000a6d00000|  0%| F|  |TAMS 0x00000000a6c00000, 0x00000000a6c00000| Untracked 
|  73|0x00000000a6d00000, 0x00000000a6d00000, 0x00000000a6e00000|  0%| F|  |TAMS 0x00000000a6d00000, 0x00000000a6d00000| Untracked 
|  79|0x00000000a7300000, 0x00000000a7300000, 0x00000000a7400000|  0%| F|  |TAMS 0x00000000a7300000, 0x00000000a7300000| Untracked 
|  80|0x00000000a7400000, 0x00000000a74d1c78, 0x00000000a7500000| 81%| E|  |TAMS 0x00000000a7400000, 0x00000000a7400000| Complete 
|  81|0x00000000a7500000, 0x00000000a7600000, 0x00000000a7600000|100%| E|CS|TAMS 0x00000000a7500000, 0x00000000a7500000| Complete 
|  93|0x00000000a8100000, 0x00000000a8200000, 0x00000000a8200000|100%| E|CS|TAMS 0x00000000a8100000, 0x00000000a8100000| Complete 

Card table byte_map: [0x00000221de550000,0x00000221de840000] _byte_map_base: 0x00000221de03e000

Marking Bits (Prev, Next): (CMBitMap*) 0x00000221cb6b6270, (CMBitMap*) 0x00000221cb6b6230
 Prev Bits: [0x00000221e02a0000, 0x00000221e1a10000)
 Next Bits: [0x00000221deb30000, 0x00000221e02a0000)

Polling page: 0x00000221cae10000

Metaspace:

Usage:
  Non-class:     30.48 MB used.
      Class:      3.81 MB used.
       Both:     34.29 MB used.

Virtual space:
  Non-class space:       64.00 MB reserved,      30.62 MB ( 48%) committed,  1 nodes.
      Class space:        1.00 GB reserved,       4.00 MB ( <1%) committed,  1 nodes.
             Both:        1.06 GB reserved,      34.62 MB (  3%) committed. 

Chunk freelists:
   Non-Class:  519.00 KB
       Class:  11.87 MB
        Both:  12.38 MB

MaxMetaspaceSize: unlimited
CompressedClassSpaceSize: 1.00 GB
Initial GC threshold: 21.00 MB
Current GC threshold: 35.12 MB
CDS: off
MetaspaceReclaimPolicy: balanced
 - commit_granule_bytes: 65536.
 - commit_granule_words: 8192.
 - virtual_space_node_default_size: 8388608.
 - enlarge_chunks_in_place: 1.
 - new_chunks_are_fully_committed: 0.
 - uncommit_free_chunks: 1.
 - use_allocation_guard: 0.
 - handle_deallocations: 1.


Internal statistics:

num_allocs_failed_limit: 3.
num_arena_births: 414.
num_arena_deaths: 0.
num_vsnodes_births: 2.
num_vsnodes_deaths: 0.
num_space_committed: 554.
num_space_uncommitted: 0.
num_chunks_returned_to_freelist: 3.
num_chunks_taken_from_freelist: 1261.
num_chunk_merges: 0.
num_chunk_splits: 760.
num_chunks_enlarged: 488.
num_inconsistent_stats: 0.

CodeHeap 'non-profiled nmethods': size=120000Kb used=1315Kb max_used=1315Kb free=118684Kb
 bounds [0x00000221d67e0000, 0x00000221d6a50000, 0x00000221ddd10000]
CodeHeap 'profiled nmethods': size=120000Kb used=7746Kb max_used=7746Kb free=112253Kb
 bounds [0x00000221ced10000, 0x00000221cf4b0000, 0x00000221d6240000]
CodeHeap 'non-nmethods': size=5760Kb used=1265Kb max_used=1300Kb free=4494Kb
 bounds [0x00000221d6240000, 0x00000221d64b0000, 0x00000221d67e0000]
 total_blobs=4526 nmethods=3947 adapters=491
 compilation: enabled
              stopped_count=0, restarted_count=0
 full_count=0

Compilation events (20 events):
Event: 11.615 Thread 0x00000221e46f4170 3925       2       org.apache.poi.openxml4j.opc.internal.ContentType::<init> (180 bytes)
Event: 11.616 Thread 0x00000221e46f4170 nmethod 3925 0x00000221cf482990 code [0x00000221cf482c60, 0x00000221cf4835d8]
Event: 11.616 Thread 0x00000221e46f4170 3926       2       org.apache.poi.openxml4j.opc.internal.ContentType::hashCode (29 bytes)
Event: 11.616 Thread 0x00000221e46f4170 nmethod 3926 0x00000221cf483b10 code [0x00000221cf483cc0, 0x00000221cf4840c8]
Event: 11.616 Thread 0x00000221e46f4170 3927       2       java.util.AbstractMap::hashCode (45 bytes)
Event: 11.617 Thread 0x00000221e46f4170 nmethod 3927 0x00000221cf484210 code [0x00000221cf484400, 0x00000221cf484688]
Event: 11.617 Thread 0x00000221e46f4170 3928       3       com.sun.org.apache.xerces.internal.dom.ParentNode::getFirstChild (16 bytes)
Event: 11.617 Thread 0x00000221e46f4170 nmethod 3928 0x00000221cf484810 code [0x00000221cf4849c0, 0x00000221cf484c88]
Event: 11.617 Thread 0x00000221e46f4170 3929  s    2       java.util.Stack::pop (19 bytes)
Event: 11.618 Thread 0x00000221e46f4170 nmethod 3929 0x00000221cf484d90 code [0x00000221cf484f80, 0x00000221cf4854c8]
Event: 11.623 Thread 0x00000221e46f4170 3930       2       java.lang.ClassLoader::getParent (32 bytes)
Event: 11.623 Thread 0x00000221e46f4170 nmethod 3930 0x00000221cf485790 code [0x00000221cf485960, 0x00000221cf485c58]
Event: 11.624 Thread 0x00000221e46f4170 3931       2       com.sun.org.apache.xerces.internal.impl.XMLEntityScanner::skipString (107 bytes)
Event: 11.624 Thread 0x00000221e46f4170 nmethod 3931 0x00000221cf485e90 code [0x00000221cf486060, 0x00000221cf486318]
Event: 11.625 Thread 0x00000221e46f4170 3932       2       java.util.TreeMap::values (25 bytes)
Event: 11.625 Thread 0x00000221e46f4170 nmethod 3932 0x00000221cf486490 code [0x00000221cf486620, 0x00000221cf486838]
Event: 11.627 Thread 0x00000221e46f4170 3934   !   2       java.util.ServiceLoader$LazyClassPathLookupIterator::hasNextService (144 bytes)
Event: 11.628 Thread 0x00000221e46f4170 nmethod 3934 0x00000221cf486910 code [0x00000221cf486bc0, 0x00000221cf487598]
Event: 11.629 Thread 0x00000221e46f4170 3935       2       java.util.TreeMap$KeySet::iterator (32 bytes)
Event: 11.629 Thread 0x00000221e46f4170 nmethod 3935 0x00000221cf487e10 code [0x00000221cf487fe0, 0x00000221cf488338]

GC Heap History (17 events):
Event: 2.098 GC heap before
{Heap before GC invocations=0 (full 0):
 garbage-first heap   total 96256K, used 23552K [0x00000000a2400000, 0x0000000100000000)
  region size 1024K, 23 young (23552K), 0 survivors (0K)
 Metaspace       used 16937K, committed 17088K, reserved 1114112K
  class space    used 1728K, committed 1792K, reserved 1048576K
}
Event: 2.106 GC heap after
{Heap after GC invocations=1 (full 0):
 garbage-first heap   total 96256K, used 7228K [0x00000000a2400000, 0x0000000100000000)
  region size 1024K, 3 young (3072K), 3 survivors (3072K)
 Metaspace       used 16937K, committed 17088K, reserved 1114112K
  class space    used 1728K, committed 1792K, reserved 1048576K
}
Event: 2.461 GC heap before
{Heap before GC invocations=1 (full 0):
 garbage-first heap   total 96256K, used 18492K [0x00000000a2400000, 0x0000000100000000)
  region size 1024K, 15 young (15360K), 3 survivors (3072K)
 Metaspace       used 21249K, committed 21504K, reserved 1114112K
  class space    used 2233K, committed 2368K, reserved 1048576K
}
Event: 2.466 GC heap after
{Heap after GC invocations=2 (full 0):
 garbage-first heap   total 96256K, used 9635K [0x00000000a2400000, 0x0000000100000000)
  region size 1024K, 3 young (3072K), 3 survivors (3072K)
 Metaspace       used 21249K, committed 21504K, reserved 1114112K
  class space    used 2233K, committed 2368K, reserved 1048576K
}
Event: 10.241 GC heap before
{Heap before GC invocations=3 (full 0):
 garbage-first heap   total 40960K, used 27043K [0x00000000a2400000, 0x0000000100000000)
  region size 1024K, 22 young (22528K), 3 survivors (3072K)
 Metaspace       used 26002K, committed 26304K, reserved 1114112K
  class space    used 2834K, committed 3008K, reserved 1048576K
}
Event: 10.245 GC heap after
{Heap after GC invocations=4 (full 0):
 garbage-first heap   total 40960K, used 10691K [0x00000000a2400000, 0x0000000100000000)
  region size 1024K, 4 young (4096K), 4 survivors (4096K)
 Metaspace       used 26002K, committed 26304K, reserved 1114112K
  class space    used 2834K, committed 3008K, reserved 1048576K
}
Event: 10.270 GC heap before
{Heap before GC invocations=4 (full 0):
 garbage-first heap   total 40960K, used 11715K [0x00000000a2400000, 0x0000000100000000)
  region size 1024K, 5 young (5120K), 4 survivors (4096K)
 Metaspace       used 26227K, committed 26560K, reserved 1114112K
  class space    used 2865K, committed 3008K, reserved 1048576K
}
Event: 10.273 GC heap after
{Heap after GC invocations=5 (full 0):
 garbage-first heap   total 40960K, used 10941K [0x00000000a2400000, 0x0000000100000000)
  region size 1024K, 1 young (1024K), 1 survivors (1024K)
 Metaspace       used 26227K, committed 26560K, reserved 1114112K
  class space    used 2865K, committed 3008K, reserved 1048576K
}
Event: 10.710 GC heap before
{Heap before GC invocations=5 (full 0):
 garbage-first heap   total 40960K, used 27325K [0x00000000a2400000, 0x0000000100000000)
  region size 1024K, 17 young (17408K), 1 survivors (1024K)
 Metaspace       used 30909K, committed 31232K, reserved 1114112K
  class space    used 3445K, committed 3584K, reserved 1048576K
}
Event: 10.712 GC heap after
{Heap after GC invocations=6 (full 0):
 garbage-first heap   total 40960K, used 11710K [0x00000000a2400000, 0x0000000100000000)
  region size 1024K, 2 young (2048K), 2 survivors (2048K)
 Metaspace       used 30909K, committed 31232K, reserved 1114112K
  class space    used 3445K, committed 3584K, reserved 1048576K
}
Event: 10.763 GC heap before
{Heap before GC invocations=6 (full 0):
 garbage-first heap   total 40960K, used 28094K [0x00000000a2400000, 0x0000000100000000)
  region size 1024K, 18 young (18432K), 2 survivors (2048K)
 Metaspace       used 31146K, committed 31488K, reserved 1114112K
  class space    used 3477K, committed 3648K, reserved 1048576K
}
Event: 10.766 GC heap after
{Heap after GC invocations=7 (full 0):
 garbage-first heap   total 40960K, used 12239K [0x00000000a2400000, 0x0000000100000000)
  region size 1024K, 2 young (2048K), 2 survivors (2048K)
 Metaspace       used 31146K, committed 31488K, reserved 1114112K
  class space    used 3477K, committed 3648K, reserved 1048576K
}
Event: 10.783 GC heap before
{Heap before GC invocations=7 (full 0):
 garbage-first heap   total 40960K, used 29647K [0x00000000a2400000, 0x0000000100000000)
  region size 1024K, 19 young (19456K), 2 survivors (2048K)
 Metaspace       used 31146K, committed 31488K, reserved 1114112K
  class space    used 3477K, committed 3648K, reserved 1048576K
}
Event: 10.786 GC heap after
{Heap after GC invocations=8 (full 0):
 garbage-first heap   total 40960K, used 12811K [0x00000000a2400000, 0x0000000100000000)
  region size 1024K, 2 young (2048K), 2 survivors (2048K)
 Metaspace       used 31146K, committed 31488K, reserved 1114112K
  class space    used 3477K, committed 3648K, reserved 1048576K
}
Event: 10.971 GC heap before
{Heap before GC invocations=8 (full 0):
 garbage-first heap   total 40960K, used 30219K [0x00000000a2400000, 0x0000000100000000)
  region size 1024K, 19 young (19456K), 2 survivors (2048K)
 Metaspace       used 32884K, committed 33216K, reserved 1114112K
  class space    used 3705K, committed 3840K, reserved 1048576K
}
Event: 10.974 GC heap after
{Heap after GC invocations=9 (full 0):
 garbage-first heap   total 79872K, used 13532K [0x00000000a2400000, 0x0000000100000000)
  region size 1024K, 2 young (2048K), 2 survivors (2048K)
 Metaspace       used 32884K, committed 33216K, reserved 1114112K
  class space    used 3705K, committed 3840K, reserved 1048576K
}
Event: 11.637 GC heap before
{Heap before GC invocations=9 (full 0):
 garbage-first heap   total 79872K, used 57564K [0x00000000a2400000, 0x0000000100000000)
  region size 1024K, 45 young (46080K), 2 survivors (2048K)
 Metaspace       used 34846K, committed 35200K, reserved 1114112K
  class space    used 3863K, committed 4032K, reserved 1048576K
}

Dll operation events (8 events):
Event: 0.024 Loaded shared library C:\Users\lenovo\.p2\pool\plugins\org.eclipse.justj.openjdk.hotspot.jre.full.win32.x86_64_17.0.8.v20230831-1047\jre\bin\java.dll
Event: 0.195 Loaded shared library C:\Users\lenovo\.p2\pool\plugins\org.eclipse.justj.openjdk.hotspot.jre.full.win32.x86_64_17.0.8.v20230831-1047\jre\bin\net.dll
Event: 0.198 Loaded shared library C:\Users\lenovo\.p2\pool\plugins\org.eclipse.justj.openjdk.hotspot.jre.full.win32.x86_64_17.0.8.v20230831-1047\jre\bin\nio.dll
Event: 0.209 Loaded shared library C:\Users\lenovo\.p2\pool\plugins\org.eclipse.justj.openjdk.hotspot.jre.full.win32.x86_64_17.0.8.v20230831-1047\jre\bin\zip.dll
Event: 0.367 Loaded shared library C:\Users\lenovo\.p2\pool\plugins\org.eclipse.justj.openjdk.hotspot.jre.full.win32.x86_64_17.0.8.v20230831-1047\jre\bin\jimage.dll
Event: 1.358 Loaded shared library C:\Users\lenovo\.p2\pool\plugins\org.eclipse.justj.openjdk.hotspot.jre.full.win32.x86_64_17.0.8.v20230831-1047\jre\bin\management.dll
Event: 1.364 Loaded shared library C:\Users\lenovo\.p2\pool\plugins\org.eclipse.justj.openjdk.hotspot.jre.full.win32.x86_64_17.0.8.v20230831-1047\jre\bin\management_ext.dll
Event: 2.421 Loaded shared library C:\Users\lenovo\.p2\pool\plugins\org.eclipse.justj.openjdk.hotspot.jre.full.win32.x86_64_17.0.8.v20230831-1047\jre\bin\sunmscapi.dll

Deoptimization events (20 events):
Event: 11.083 Thread 0x00000221cb665bd0 DEOPT PACKING pc=0x00000221cf1e56fe sp=0x0000007a641fca50
Event: 11.083 Thread 0x00000221cb665bd0 DEOPT UNPACKING pc=0x00000221d6297143 sp=0x0000007a641fbec0 mode 0
Event: 11.107 Thread 0x00000221cb665bd0 DEOPT PACKING pc=0x00000221cf1e56fe sp=0x0000007a641fcbb0
Event: 11.107 Thread 0x00000221cb665bd0 DEOPT UNPACKING pc=0x00000221d6297143 sp=0x0000007a641fc020 mode 0
Event: 11.144 Thread 0x00000221cb665bd0 DEOPT PACKING pc=0x00000221cf1e56fe sp=0x0000007a641fce70
Event: 11.144 Thread 0x00000221cb665bd0 DEOPT UNPACKING pc=0x00000221d6297143 sp=0x0000007a641fc2e0 mode 0
Event: 11.165 Thread 0x00000221cb665bd0 DEOPT PACKING pc=0x00000221cf1e56fe sp=0x0000007a641fcdd0
Event: 11.165 Thread 0x00000221cb665bd0 DEOPT UNPACKING pc=0x00000221d6297143 sp=0x0000007a641fc240 mode 0
Event: 11.232 Thread 0x00000221cb665bd0 DEOPT PACKING pc=0x00000221cf1a78ae sp=0x0000007a641fcf30
Event: 11.232 Thread 0x00000221cb665bd0 DEOPT UNPACKING pc=0x00000221d6297143 sp=0x0000007a641fc3d0 mode 0
Event: 11.252 Thread 0x00000221cb665bd0 DEOPT PACKING pc=0x00000221cf1a78ae sp=0x0000007a641fd180
Event: 11.252 Thread 0x00000221cb665bd0 DEOPT UNPACKING pc=0x00000221d6297143 sp=0x0000007a641fc620 mode 0
Event: 11.258 Thread 0x00000221cb665bd0 DEOPT PACKING pc=0x00000221cf1a78ae sp=0x0000007a641fcfc0
Event: 11.258 Thread 0x00000221cb665bd0 DEOPT UNPACKING pc=0x00000221d6297143 sp=0x0000007a641fc460 mode 0
Event: 11.280 Thread 0x00000221cb665bd0 DEOPT PACKING pc=0x00000221cf1a78ae sp=0x0000007a641fd220
Event: 11.280 Thread 0x00000221cb665bd0 DEOPT UNPACKING pc=0x00000221d6297143 sp=0x0000007a641fc6c0 mode 0
Event: 11.289 Thread 0x00000221cb665bd0 DEOPT PACKING pc=0x00000221cf1a78ae sp=0x0000007a641fcf90
Event: 11.289 Thread 0x00000221cb665bd0 DEOPT UNPACKING pc=0x00000221d6297143 sp=0x0000007a641fc430 mode 0
Event: 11.531 Thread 0x00000221cb665bd0 DEOPT PACKING pc=0x00000221cf2626eb sp=0x0000007a641fd0c0
Event: 11.531 Thread 0x00000221cb665bd0 DEOPT UNPACKING pc=0x00000221d6297143 sp=0x0000007a641fc568 mode 0

Classes unloaded (0 events):
No events

Classes redefined (0 events):
No events

Internal exceptions (20 events):
Event: 10.256 Thread 0x00000221cb665bd0 Exception <a 'java/lang/NoSuchMethodError'{0x00000000a815e990}: 'int java.lang.invoke.DirectMethodHandle$Holder.invokeStatic(java.lang.Object)'> (0x00000000a815e990) 
thrown [s\src\hotspot\share\interpreter\linkResolver.cpp, line 759]
Event: 10.256 Thread 0x00000221cb665bd0 Exception <a 'java/lang/NoSuchMethodError'{0x00000000a8162290}: 'int java.lang.invoke.DirectMethodHandle$Holder.invokeStaticInit(java.lang.Object)'> (0x00000000a8162290) 
thrown [s\src\hotspot\share\interpreter\linkResolver.cpp, line 759]
Event: 10.284 Thread 0x00000221cb665bd0 Implicit null exception at 0x00000221d683fb58 to 0x00000221d683fbea
Event: 10.284 Thread 0x00000221cb665bd0 Implicit null exception at 0x00000221d6869e8f to 0x00000221d6869f05
Event: 10.325 Thread 0x00000221cb665bd0 Exception <a 'java/lang/NoSuchMethodError'{0x00000000a74e1928}: 'void java.lang.invoke.DirectMethodHandle$Holder.invokeStaticInit(java.lang.Object)'> (0x00000000a74e1928) 
thrown [s\src\hotspot\share\interpreter\linkResolver.cpp, line 759]
Event: 10.341 Thread 0x00000221cb665bd0 Exception <a 'java/lang/NoSuchMethodError'{0x00000000a7388278}: 'int java.lang.invoke.DirectMethodHandle$Holder.invokeSpecial(java.lang.Object, java.lang.Object, int)'> (0x00000000a7388278) 
thrown [s\src\hotspot\share\interpreter\linkResolver.cpp, line 759]
Event: 10.353 Thread 0x00000221cb665bd0 Exception <a 'java/lang/NoSuchMethodError'{0x00000000a4702958}: 'void java.lang.invoke.DirectMethodHandle$Holder.invokeStaticInit(java.lang.Object, java.lang.Object, java.lang.Object)'> (0x00000000a4702958) 
thrown [s\src\hotspot\share\interpreter\linkResolver.cpp, line 759]
Event: 10.355 Thread 0x00000221cb665bd0 Exception <a 'java/lang/NoSuchMethodError'{0x00000000a4711908}: 'java.lang.Object java.lang.invoke.DirectMethodHandle$Holder.invokeStaticInit(java.lang.Object, java.lang.Object, java.lang.Object)'> (0x00000000a4711908) 
thrown [s\src\hotspot\share\interpreter\linkResolver.cpp, line 759]
Event: 10.358 Thread 0x00000221cb665bd0 Exception <a 'java/lang/NoSuchMethodError'{0x00000000a4735b20}: 'void java.lang.invoke.DirectMethodHandle$Holder.invokeStaticInit(java.lang.Object, java.lang.Object, java.lang.Object, java.lang.Object)'> (0x00000000a4735b20) 
thrown [s\src\hotspot\share\interpreter\linkResolver.cpp, line 759]
Event: 10.360 Thread 0x00000221cb665bd0 Exception <a 'java/lang/NoSuchMethodError'{0x00000000a4750700}: 'void java.lang.invoke.DirectMethodHandle$Holder.invokeStatic(java.lang.Object, int)'> (0x00000000a4750700) 
thrown [s\src\hotspot\share\interpreter\linkResolver.cpp, line 759]
Event: 10.361 Thread 0x00000221cb665bd0 Exception <a 'java/lang/NoSuchMethodError'{0x00000000a4754160}: 'void java.lang.invoke.DirectMethodHandle$Holder.invokeStaticInit(java.lang.Object, int)'> (0x00000000a4754160) 
thrown [s\src\hotspot\share\interpreter\linkResolver.cpp, line 759]
Event: 10.448 Thread 0x00000221cb665bd0 Exception <a 'java/lang/NoSuchMethodError'{0x00000000a442f540}: 'void java.lang.invoke.DirectMethodHandle$Holder.invokeVirtual(java.lang.Object, java.lang.Object, java.lang.Object, java.lang.Object)'> (0x00000000a442f540) 
thrown [s\src\hotspot\share\interpreter\linkResolver.cpp, line 759]
Event: 10.454 Thread 0x00000221cb665bd0 Exception <a 'java/lang/NoSuchMethodError'{0x00000000a44617c8}: 'void java.lang.invoke.DirectMethodHandle$Holder.invokeStatic(java.lang.Object, java.lang.Object, java.lang.Object, int)'> (0x00000000a44617c8) 
thrown [s\src\hotspot\share\interpreter\linkResolver.cpp, line 759]
Event: 10.455 Thread 0x00000221cb665bd0 Exception <a 'java/lang/NoSuchMethodError'{0x00000000a4464f30}: 'void java.lang.invoke.DirectMethodHandle$Holder.invokeStaticInit(java.lang.Object, java.lang.Object, java.lang.Object, int)'> (0x00000000a4464f30) 
thrown [s\src\hotspot\share\interpreter\linkResolver.cpp, line 759]
Event: 10.531 Thread 0x00000221cb665bd0 Exception <a 'java/lang/NoSuchMethodError'{0x00000000a427a660}: 'java.lang.Object java.lang.invoke.DirectMethodHandle$Holder.invokeStatic(java.lang.Object, java.lang.Object, int, int)'> (0x00000000a427a660) 
thrown [s\src\hotspot\share\interpreter\linkResolver.cpp, line 759]
Event: 10.532 Thread 0x00000221cb665bd0 Exception <a 'java/lang/NoSuchMethodError'{0x00000000a427dfa8}: 'java.lang.Object java.lang.invoke.DirectMethodHandle$Holder.invokeStaticInit(java.lang.Object, java.lang.Object, int, int)'> (0x00000000a427dfa8) 
thrown [s\src\hotspot\share\interpreter\linkResolver.cpp, line 759]
Event: 10.739 Thread 0x00000221cb665bd0 Exception <a 'java/lang/NoSuchMethodError'{0x00000000a755c5c8}: 'void java.lang.invoke.DirectMethodHandle$Holder.invokeVirtual(java.lang.Object, java.lang.Object)'> (0x00000000a755c5c8) 
thrown [s\src\hotspot\share\interpreter\linkResolver.cpp, line 759]
Event: 11.012 Thread 0x00000221cb665bd0 Exception <a 'java/lang/NoSuchMethodError'{0x00000000a7431bd8}: 'java.lang.Object java.lang.invoke.DirectMethodHandle$Holder.invokeVirtual(java.lang.Object, java.lang.Object, int)'> (0x00000000a7431bd8) 
thrown [s\src\hotspot\share\interpreter\linkResolver.cpp, line 759]
Event: 11.013 Thread 0x00000221cb665bd0 Exception <a 'java/lang/NoSuchMethodError'{0x00000000a7443520}: 'void java.lang.invoke.DirectMethodHandle$Holder.invokeVirtual(java.lang.Object, java.lang.Object, int)'> (0x00000000a7443520) 
thrown [s\src\hotspot\share\interpreter\linkResolver.cpp, line 759]
Event: 11.631 Thread 0x00000221cb665bd0 Exception <a 'java/lang/NoSuchMethodError'{0x00000000a47c0de8}: 'int java.lang.invoke.DirectMethodHandle$Holder.invokeInterface(java.lang.Object, java.lang.Object)'> (0x00000000a47c0de8) 
thrown [s\src\hotspot\share\interpreter\linkResolver.cpp, line 759]

VM Operations (20 events):
Event: 10.245 Executing VM operation: G1CollectForAllocation done
Event: 10.251 Executing VM operation: HandshakeAllThreads
Event: 10.251 Executing VM operation: HandshakeAllThreads done
Event: 10.270 Executing VM operation: G1CollectForAllocation
Event: 10.273 Executing VM operation: G1CollectForAllocation done
Event: 10.710 Executing VM operation: G1CollectForAllocation
Event: 10.712 Executing VM operation: G1CollectForAllocation done
Event: 10.733 Executing VM operation: HandshakeAllThreads
Event: 10.733 Executing VM operation: HandshakeAllThreads done
Event: 10.763 Executing VM operation: G1CollectForAllocation
Event: 10.766 Executing VM operation: G1CollectForAllocation done
Event: 10.782 Executing VM operation: G1CollectForAllocation
Event: 10.786 Executing VM operation: G1CollectForAllocation done
Event: 10.971 Executing VM operation: G1CollectForAllocation
Event: 10.974 Executing VM operation: G1CollectForAllocation done
Event: 11.290 Executing VM operation: ICBufferFull
Event: 11.290 Executing VM operation: ICBufferFull done
Event: 11.532 Executing VM operation: ICBufferFull
Event: 11.532 Executing VM operation: ICBufferFull done
Event: 11.636 Executing VM operation: G1CollectForAllocation

Events (20 events):
Event: 10.896 loading class java/util/ConcurrentModificationException
Event: 10.896 loading class java/util/ConcurrentModificationException done
Event: 10.931 loading class java/lang/Short$ShortCache
Event: 10.931 loading class java/lang/Short$ShortCache done
Event: 11.022 loading class java/util/TreeMap$AscendingSubMap
Event: 11.022 loading class java/util/TreeMap$NavigableSubMap
Event: 11.022 loading class java/util/TreeMap$NavigableSubMap done
Event: 11.023 loading class java/util/TreeMap$AscendingSubMap done
Event: 11.023 loading class java/util/TreeMap$NavigableSubMap$SubMapKeyIterator
Event: 11.023 loading class java/util/TreeMap$NavigableSubMap$SubMapIterator
Event: 11.023 loading class java/util/TreeMap$NavigableSubMap$SubMapIterator done
Event: 11.023 loading class java/util/TreeMap$NavigableSubMap$SubMapKeyIterator done
Event: 11.031 loading class jdk/internal/math/FDBigInteger
Event: 11.032 loading class jdk/internal/math/FDBigInteger done
Event: 11.209 loading class java/time/format/DateTimeFormatterBuilder$DefaultValueParser
Event: 11.209 loading class java/time/format/DateTimeFormatterBuilder$DefaultValueParser done
Event: 11.220 loading class java/lang/StrictMath
Event: 11.220 loading class java/lang/StrictMath done
Event: 11.220 loading class java/math/BigDecimal$StringBuilderHelper
Event: 11.221 loading class java/math/BigDecimal$StringBuilderHelper done


Dynamic libraries:
0x00007ff77c170000 - 0x00007ff77c17e000 	C:\Users\lenovo\.p2\pool\plugins\org.eclipse.justj.openjdk.hotspot.jre.full.win32.x86_64_17.0.8.v20230831-1047\jre\bin\javaw.exe
0x00007ffcde2d0000 - 0x00007ffcde4e7000 	C:\WINDOWS\SYSTEM32\ntdll.dll
0x00007ffcdcc30000 - 0x00007ffcdccf4000 	C:\WINDOWS\System32\KERNEL32.DLL
0x00007ffcdb630000 - 0x00007ffcdba00000 	C:\WINDOWS\System32\KERNELBASE.dll
0x00007ffcdbb70000 - 0x00007ffcdbc81000 	C:\WINDOWS\System32\ucrtbase.dll
0x00007ffccf310000 - 0x00007ffccf329000 	C:\Users\lenovo\.p2\pool\plugins\org.eclipse.justj.openjdk.hotspot.jre.full.win32.x86_64_17.0.8.v20230831-1047\jre\bin\VCRUNTIME140.dll
0x00007ffcd7980000 - 0x00007ffcd7997000 	C:\Users\lenovo\.p2\pool\plugins\org.eclipse.justj.openjdk.hotspot.jre.full.win32.x86_64_17.0.8.v20230831-1047\jre\bin\jli.dll
0x00007ffcdc230000 - 0x00007ffcdc3de000 	C:\WINDOWS\System32\USER32.dll
0x00007ffcbf550000 - 0x00007ffcbf7e2000 	C:\WINDOWS\WinSxS\amd64_microsoft.windows.common-controls_6595b64144ccf1df_6.0.22621.4830_none_270fe7d773858e80\COMCTL32.dll
0x00007ffcdbdf0000 - 0x00007ffcdbe16000 	C:\WINDOWS\System32\win32u.dll
0x00007ffcddd00000 - 0x00007ffcddda7000 	C:\WINDOWS\System32\msvcrt.dll
0x00007ffcdd3f0000 - 0x00007ffcdd419000 	C:\WINDOWS\System32\GDI32.dll
0x00007ffcdbe20000 - 0x00007ffcdbf3b000 	C:\WINDOWS\System32\gdi32full.dll
0x00007ffcdbc90000 - 0x00007ffcdbd2a000 	C:\WINDOWS\System32\msvcp_win.dll
0x00007ffcdbfc0000 - 0x00007ffcdbff1000 	C:\WINDOWS\System32\IMM32.DLL
0x00007ffcd7310000 - 0x00007ffcd731c000 	C:\Users\lenovo\.p2\pool\plugins\org.eclipse.justj.openjdk.hotspot.jre.full.win32.x86_64_17.0.8.v20230831-1047\jre\bin\vcruntime140_1.dll
0x00007ffca7270000 - 0x00007ffca7301000 	C:\Users\lenovo\.p2\pool\plugins\org.eclipse.justj.openjdk.hotspot.jre.full.win32.x86_64_17.0.8.v20230831-1047\jre\bin\msvcp140.dll
0x00007ffc8c0d0000 - 0x00007ffc8cd1c000 	C:\Users\lenovo\.p2\pool\plugins\org.eclipse.justj.openjdk.hotspot.jre.full.win32.x86_64_17.0.8.v20230831-1047\jre\bin\server\jvm.dll
0x00007ffcdcb70000 - 0x00007ffcdcc21000 	C:\WINDOWS\System32\ADVAPI32.dll
0x00007ffcdc3e0000 - 0x00007ffcdc487000 	C:\WINDOWS\System32\sechost.dll
0x00007ffcdb580000 - 0x00007ffcdb5a8000 	C:\WINDOWS\System32\bcrypt.dll
0x00007ffcdce50000 - 0x00007ffcdcf64000 	C:\WINDOWS\System32\RPCRT4.dll
0x00007ffcdb450000 - 0x00007ffcdb49d000 	C:\WINDOWS\SYSTEM32\POWRPROF.dll
0x00007ffcd71c0000 - 0x00007ffcd71ca000 	C:\WINDOWS\SYSTEM32\VERSION.dll
0x00007ffcd6e60000 - 0x00007ffcd6e94000 	C:\WINDOWS\SYSTEM32\WINMM.dll
0x00007ffcbcdf0000 - 0x00007ffcbcdf9000 	C:\WINDOWS\SYSTEM32\WSOCK32.dll
0x00007ffcdcd00000 - 0x00007ffcdcd71000 	C:\WINDOWS\System32\WS2_32.dll
0x00007ffcdb430000 - 0x00007ffcdb443000 	C:\WINDOWS\SYSTEM32\UMPDC.dll
0x00007ffcda520000 - 0x00007ffcda538000 	C:\WINDOWS\SYSTEM32\kernel.appcore.dll
0x00007ffcd7d90000 - 0x00007ffcd7d9a000 	C:\Users\lenovo\.p2\pool\plugins\org.eclipse.justj.openjdk.hotspot.jre.full.win32.x86_64_17.0.8.v20230831-1047\jre\bin\jimage.dll
0x00007ffcd8f40000 - 0x00007ffcd9172000 	C:\WINDOWS\SYSTEM32\DBGHELP.DLL
0x00007ffcdddb0000 - 0x00007ffcde140000 	C:\WINDOWS\System32\combase.dll
0x00007ffcde140000 - 0x00007ffcde217000 	C:\WINDOWS\System32\OLEAUT32.dll
0x00007ffccfb50000 - 0x00007ffccfb82000 	C:\WINDOWS\SYSTEM32\dbgcore.DLL
0x00007ffcdbf40000 - 0x00007ffcdbfbb000 	C:\WINDOWS\System32\bcryptPrimitives.dll
0x00007ffccf2d0000 - 0x00007ffccf2f5000 	C:\Users\lenovo\.p2\pool\plugins\org.eclipse.justj.openjdk.hotspot.jre.full.win32.x86_64_17.0.8.v20230831-1047\jre\bin\java.dll
0x00007ffcd3800000 - 0x00007ffcd3818000 	C:\Users\lenovo\.p2\pool\plugins\org.eclipse.justj.openjdk.hotspot.jre.full.win32.x86_64_17.0.8.v20230831-1047\jre\bin\zip.dll
0x00007ffcdd420000 - 0x00007ffcddc98000 	C:\WINDOWS\System32\SHELL32.dll
0x00007ffcd9480000 - 0x00007ffcd9d90000 	C:\WINDOWS\SYSTEM32\windows.storage.dll
0x00007ffcd9340000 - 0x00007ffcd947f000 	C:\WINDOWS\SYSTEM32\wintypes.dll
0x00007ffcdc4c0000 - 0x00007ffcdc5ca000 	C:\WINDOWS\System32\SHCORE.dll
0x00007ffcdc600000 - 0x00007ffcdc65e000 	C:\WINDOWS\System32\shlwapi.dll
0x00007ffcdb4b0000 - 0x00007ffcdb4db000 	C:\WINDOWS\SYSTEM32\profapi.dll
0x00007ffccf3e0000 - 0x00007ffccf3f9000 	C:\Users\lenovo\.p2\pool\plugins\org.eclipse.justj.openjdk.hotspot.jre.full.win32.x86_64_17.0.8.v20230831-1047\jre\bin\net.dll
0x00007ffcd6ea0000 - 0x00007ffcd6fcc000 	C:\WINDOWS\SYSTEM32\WINHTTP.dll
0x00007ffcda9f0000 - 0x00007ffcdaa5a000 	C:\WINDOWS\system32\mswsock.dll
0x00007ffccf3a0000 - 0x00007ffccf3b5000 	C:\Users\lenovo\.p2\pool\plugins\org.eclipse.justj.openjdk.hotspot.jre.full.win32.x86_64_17.0.8.v20230831-1047\jre\bin\nio.dll
0x00007ffcda060000 - 0x00007ffcda162000 	C:\WINDOWS\SYSTEM32\DNSAPI.dll
0x00007ffcd9ff0000 - 0x00007ffcda01d000 	C:\WINDOWS\SYSTEM32\IPHLPAPI.DLL
0x00007ffcdc160000 - 0x00007ffcdc169000 	C:\WINDOWS\System32\NSI.dll
0x00007ffcce800000 - 0x00007ffcce80a000 	C:\Windows\System32\rasadhlp.dll
0x00007ffcd5ba0000 - 0x00007ffcd5c23000 	C:\WINDOWS\System32\fwpuclnt.dll
0x00007ffcdac40000 - 0x00007ffcdac5b000 	C:\WINDOWS\SYSTEM32\CRYPTSP.dll
0x00007ffcda4e0000 - 0x00007ffcda515000 	C:\WINDOWS\system32\rsaenh.dll
0x00007ffcdaa90000 - 0x00007ffcdaab8000 	C:\WINDOWS\SYSTEM32\USERENV.dll
0x00007ffcdac00000 - 0x00007ffcdac0c000 	C:\WINDOWS\SYSTEM32\CRYPTBASE.dll
0x00007ffcd71d0000 - 0x00007ffcd71e9000 	C:\WINDOWS\SYSTEM32\dhcpcsvc6.DLL
0x00007ffcd6e40000 - 0x00007ffcd6e5f000 	C:\WINDOWS\SYSTEM32\dhcpcsvc.DLL
0x00007ffcd7be0000 - 0x00007ffcd7be9000 	C:\Users\lenovo\.p2\pool\plugins\org.eclipse.justj.openjdk.hotspot.jre.full.win32.x86_64_17.0.8.v20230831-1047\jre\bin\management.dll
0x00007ffcd7a80000 - 0x00007ffcd7a8b000 	C:\Users\lenovo\.p2\pool\plugins\org.eclipse.justj.openjdk.hotspot.jre.full.win32.x86_64_17.0.8.v20230831-1047\jre\bin\management_ext.dll
0x00007ffcdc5f0000 - 0x00007ffcdc5f8000 	C:\WINDOWS\System32\PSAPI.DLL
0x00007ffcd7970000 - 0x00007ffcd797e000 	C:\Users\lenovo\.p2\pool\plugins\org.eclipse.justj.openjdk.hotspot.jre.full.win32.x86_64_17.0.8.v20230831-1047\jre\bin\sunmscapi.dll
0x00007ffcdba00000 - 0x00007ffcdbb66000 	C:\WINDOWS\System32\CRYPT32.dll
0x00007ffcdae30000 - 0x00007ffcdae5d000 	C:\WINDOWS\SYSTEM32\ncrypt.dll
0x00007ffcdadf0000 - 0x00007ffcdae27000 	C:\WINDOWS\SYSTEM32\NTASN1.dll
0x00007ffcafe70000 - 0x00007ffcafe78000 	C:\WINDOWS\system32\wshunix.dll

dbghelp: loaded successfully - version: 4.0.5 - missing functions: none
symbol engine: initialized successfully - sym options: 0x614 - pdb path: .;C:\Users\lenovo\.p2\pool\plugins\org.eclipse.justj.openjdk.hotspot.jre.full.win32.x86_64_17.0.8.v20230831-1047\jre\bin;C:\WINDOWS\SYSTEM32;C:\WINDOWS\WinSxS\amd64_microsoft.windows.common-controls_6595b64144ccf1df_6.0.22621.4830_none_270fe7d773858e80;C:\Users\lenovo\.p2\pool\plugins\org.eclipse.justj.openjdk.hotspot.jre.full.win32.x86_64_17.0.8.v20230831-1047\jre\bin\server

VM Arguments:
jvm_args: -ea -Dfile.encoding=UTF-8 -Dstdout.encoding=UTF-8 -Dstderr.encoding=UTF-8 -XX:+ShowCodeDetailsInExceptionMessages 
java_command: org.testng.remote.RemoteTestNG -serport 49402 -protocol json -d C:\Users\lenovo\Desktop\Test\Day23\SpiceJet\test-output C:\Users\lenovo\AppData\Local\Temp\testng-eclipse--927829412\testng-customsuite.xml
java_class_path (initial): C:\Users\lenovo\java-2023-092\eclipse\configuration\org.eclipse.osgi\523\0\.cp\lib\testng-remote.jar;C:\Users\lenovo\Desktop\Test\Day23\SpiceJet\target\test-classes;C:\Users\lenovo\Desktop\Test\Day23\SpiceJet\target\classes;C:\Users\lenovo\.p2\pool\plugins\org.testng_7.4.0.r202105021533.jar;C:\Users\lenovo\.p2\pool\plugins\com.beust.jcommander_1.78.0.jar;C:\Users\lenovo\.p2\pool\plugins\org.apache-extras.beanshell.bsh_2.0.0.b6.jar;C:\Users\lenovo\.p2\pool\plugins\org.yaml.snakeyaml_1.21.0.jar;C:\Users\lenovo\.p2\pool\plugins\org.webjars.jquery_3.5.1.jar;C:\Users\lenovo\.m2\repository\org\seleniumhq\selenium\selenium-java\4.29.0\selenium-java-4.29.0.jar;C:\Users\lenovo\.m2\repository\org\seleniumhq\selenium\selenium-api\4.29.0\selenium-api-4.29.0.jar;C:\Users\lenovo\.m2\repository\org\jspecify\jspecify\1.0.0\jspecify-1.0.0.jar;C:\Users\lenovo\.m2\repository\org\seleniumhq\selenium\selenium-chrome-driver\4.29.0\selenium-chrome-driver-4.29.0.jar;C:\Users\lenovo\.m2\repository\com\google\auto\service\auto-service-annotations\1.1.1\auto-service-annotations-1.1.1.jar;C:\Users\lenovo\.m2\repository\org\seleniumhq\selenium\selenium-chromium-driver\4.29.0\selenium-chromium-driver-4.29.0.jar;C:\Users\lenovo\.m2\repository\org\seleniumhq\selenium\selenium-json\4.29.0\selenium-json-4.29.0.jar;C:\Users\lenovo\.m2\repository\org\seleniumhq\selenium\selenium-manager\4.29.0\selenium-manager-4.29.0.jar;C:\Users\lenovo\.m2\repository\org\seleniumhq\selenium\selenium-devtools-v131\4.29.0\selenium-devtools-v131-4.29.0.jar;C:\Users\lenovo\.m2\repository\org\seleniumhq\selenium\selenium-devtools-v132\4.29.0\selenium-devtools-v132-4.29.0.jar;C:\Users\lenovo\.m2\repository\org\seleniumhq\selenium\selenium-devtools-v133\4.29.0\selenium-devtools-v133-4.29.0.jar;C:\Users\lenovo\.m2\repository\org\seleniumhq\selenium\selenium-devtools-v85\4.29.0\selenium-devtools-v85-4.29.0.jar;C:\Users\lenovo\.m2\repository\org\seleniumhq\selenium\selenium-edge-driver\4.29.0\selen
Launcher Type: SUN_STANDARD

[Global flags]
     intx CICompilerCount                          = 4                                         {product} {ergonomic}
     uint ConcGCThreads                            = 3                                         {product} {ergonomic}
     uint G1ConcRefinementThreads                  = 10                                        {product} {ergonomic}
   size_t G1HeapRegionSize                         = 1048576                                   {product} {ergonomic}
    uintx GCDrainStackTargetSize                   = 64                                        {product} {ergonomic}
   size_t InitialHeapSize                          = 98566144                                  {product} {ergonomic}
   size_t MarkStackSize                            = 4194304                                   {product} {ergonomic}
   size_t MaxHeapSize                              = 1572864000                                {product} {ergonomic}
   size_t MaxNewSize                               = 943718400                                 {product} {ergonomic}
   size_t MinHeapDeltaBytes                        = 1048576                                   {product} {ergonomic}
   size_t MinHeapSize                              = 8388608                                   {product} {ergonomic}
    uintx NonNMethodCodeHeapSize                   = 5839372                                {pd product} {ergonomic}
    uintx NonProfiledCodeHeapSize                  = 122909434                              {pd product} {ergonomic}
    uintx ProfiledCodeHeapSize                     = 122909434                              {pd product} {ergonomic}
    uintx ReservedCodeCacheSize                    = 251658240                              {pd product} {ergonomic}
     bool SegmentedCodeCache                       = true                                      {product} {ergonomic}
     bool ShowCodeDetailsInExceptionMessages       = true                                   {manageable} {command line}
   size_t SoftMaxHeapSize                          = 1572864000                             {manageable} {ergonomic}
     bool UseCompressedClassPointers               = true                           {product lp64_product} {ergonomic}
     bool UseCompressedOops                        = true                           {product lp64_product} {ergonomic}
     bool UseG1GC                                  = true                                      {product} {ergonomic}
     bool UseLargePagesIndividualAllocation        = false                                  {pd product} {ergonomic}

Logging:
Log output configuration:
 #0: stdout all=warning uptime,level,tags
 #1: stderr all=off uptime,level,tags

Environment Variables:
JAVA_HOME=C:\Users\lenovo\AppData\Local\Programs\Eclipse Adoptium\jdk-17.0.8.101-hotspot\
PATH=C:/Users/lenovo/.p2/pool/plugins/org.eclipse.justj.openjdk.hotspot.jre.full.win32.x86_64_17.0.8.v20230831-1047/jre/bin/server;C:/Users/lenovo/.p2/pool/plugins/org.eclipse.justj.openjdk.hotspot.jre.full.win32.x86_64_17.0.8.v20230831-1047/jre/bin;C:\Python312\Scripts\;C:\Python312\;C:\Windows\system32;C:\Windows;C:\Windows\System32\Wbem;C:\Windows\System32\WindowsPowerShell\v1.0\;C:\Windows\System32\OpenSSH\;C:\Program Files (x86)\NVIDIA Corporation\PhysX\Common;C:\Program Files\NVIDIA Corporation\NVIDIA NvDLISR;C:\WINDOWS\system32;C:\WINDOWS;C:\WINDOWS\System32\Wbem;C:\WINDOWS\System32\WindowsPowerShell\v1.0\;C:\WINDOWS\System32\OpenSSH\;C:\Program Files\maven\apache-maven-3.9.6\bin;C:\Program Files\Git\cmd;C:\Program Files\nodejs\;C:\ProgramData\chocolatey\bin;;C:\Program Files\Docker\Docker\resources\bin;C:\Program Files\MySQL\MySQL Shell 8.0\bin\;C:\Users\lenovo\AppData\Local\Programs\Eclipse Adoptium\jdk-17.0.8.101-hotspot\bin;C:\Users\lenovo\AppData\Local\Microsoft\WindowsApps;C:\Users\lenovo\AppData\Local\Programs\Microsoft VS Code\bin;C:\Program Files\maven\apache-maven-3.9.6\bin;C:\Users\lenovo\AppData\Roaming\npm;C:\Program Files\JetBrains\IntelliJ IDEA Community Edition 2023.3.4\bin;;C:\WINDOWS\system32;
USERNAME=lenovo
OS=Windows_NT
PROCESSOR_IDENTIFIER=AMD64 Family 25 Model 80 Stepping 0, AuthenticAMD
TMP=C:\Users\lenovo\AppData\Local\Temp
TEMP=C:\Users\lenovo\AppData\Local\Temp



---------------  S Y S T E M  ---------------

OS:
 Windows 11 , 64 bit Build 22621 (10.0.22621.4830)
OS uptime: 23 days 4:25 hours
Hyper-V role detected

CPU: total 12 (initial active 12) (12 cores per cpu, 2 threads per core) family 25 model 80 stepping 0 microcode 0x0, cx8, cmov, fxsr, ht, mmx, 3dnowpref, sse, sse2, sse3, ssse3, sse4a, sse4.1, sse4.2, popcnt, lzcnt, tsc, tscinvbit, avx, avx2, aes, erms, clmul, bmi1, bmi2, adx, sha, fma, vzeroupper, clflush, clflushopt, hv
Processor Information for processor 0
  Max Mhz: 3301, Current Mhz: 3301, Mhz Limit: 3301
Processor Information for processor 1
  Max Mhz: 3301, Current Mhz: 3301, Mhz Limit: 3301
Processor Information for processor 2
  Max Mhz: 3301, Current Mhz: 3301, Mhz Limit: 3301
Processor Information for processor 3
  Max Mhz: 3301, Current Mhz: 3301, Mhz Limit: 3301
Processor Information for processor 4
  Max Mhz: 3301, Current Mhz: 3301, Mhz Limit: 3301
Processor Information for processor 5
  Max Mhz: 3301, Current Mhz: 3301, Mhz Limit: 3301
Processor Information for processor 6
  Max Mhz: 3301, Current Mhz: 3301, Mhz Limit: 3301
Processor Information for processor 7
  Max Mhz: 3301, Current Mhz: 3301, Mhz Limit: 3301
Processor Information for processor 8
  Max Mhz: 3301, Current Mhz: 1805, Mhz Limit: 3301
Processor Information for processor 9
  Max Mhz: 3301, Current Mhz: 1805, Mhz Limit: 3301
Processor Information for processor 10
  Max Mhz: 3301, Current Mhz: 1805, Mhz Limit: 3301
Processor Information for processor 11
  Max Mhz: 3301, Current Mhz: 1805, Mhz Limit: 3301

Memory: 4k page, system-wide physical 5996M (37M free)
TotalPageFile size 24428M (AvailPageFile size 3M)
current process WorkingSet (physical memory assigned to process): 181M, peak: 181M
current process commit charge ("private bytes"): 220M, peak: 221M

vm_info: OpenJDK 64-Bit Server VM (17.0.8.1+1) for windows-amd64 JRE (17.0.8.1+1), built on Aug 23 2023 15:29:17 by "admin" with MS VC++ 16.7 (VS2019)

END.
