2025-03-28 01:09:16 DEBUG PackageRelationshipCollection:307 -
			Parsing relationship: /xl/_rels/workbook.xml.rels
2025-03-28 01:09:16 DEBUG PackageRelationshipCollection:307 -
			Parsing relationship: /_rels/.rels
2025-03-28 01:09:17 DEBUG PackageRelationshipCollection:307 -
			Parsing relationship: /xl/_rels/workbook.xml.rels
2025-03-28 01:09:17 DEBUG PackageRelationshipCollection:307 -
			Parsing relationship: /_rels/.rels
2025-03-28 01:09:17 DEBUG PackageRelationshipCollection:307 -
			Parsing relationship: /xl/_rels/workbook.xml.rels
2025-03-28 01:09:17 DEBUG PackageRelationshipCollection:307 -
			Parsing relationship: /_rels/.rels
2025-03-28 01:09:17 DEBUG PackageRelationshipCollection:307 -
			Parsing relationship: /xl/_rels/workbook.xml.rels
2025-03-28 01:09:17 DEBUG PackageRelationshipCollection:307 -
			Parsing relationship: /_rels/.rels
2025-03-28 01:09:17 DEBUG PackageRelationshipCollection:307 -
			Parsing relationship: /xl/_rels/workbook.xml.rels
2025-03-28 01:09:17 DEBUG PackageRelationshipCollection:307 -
			Parsing relationship: /_rels/.rels
2025-03-28 01:09:17 DEBUG PackageRelationshipCollection:307 -
			Parsing relationship: /xl/_rels/workbook.xml.rels
2025-03-28 01:09:17 DEBUG PackageRelationshipCollection:307 -
			Parsing relationship: /_rels/.rels
2025-03-28 01:09:17 DEBUG PackageRelationshipCollection:307 -
			Parsing relationship: /xl/_rels/workbook.xml.rels
2025-03-28 01:09:17 DEBUG PackageRelationshipCollection:307 -
			Parsing relationship: /_rels/.rels
2025-03-28 01:09:17 DEBUG PackageRelationshipCollection:307 -
			Parsing relationship: /xl/_rels/workbook.xml.rels
2025-03-28 01:09:17 DEBUG PackageRelationshipCollection:307 -
			Parsing relationship: /_rels/.rels
2025-03-28 01:09:18 DEBUG PackageRelationshipCollection:307 -
			Parsing relationship: /xl/_rels/workbook.xml.rels
2025-03-28 01:09:18 DEBUG PackageRelationshipCollection:307 -
			Parsing relationship: /_rels/.rels
2025-03-28 01:09:18 DEBUG PackageRelationshipCollection:307 -
			Parsing relationship: /xl/_rels/workbook.xml.rels
2025-03-28 01:09:18 DEBUG PackageRelationshipCollection:307 -
			Parsing relationship: /_rels/.rels
2025-03-28 01:09:18 DEBUG PackageRelationshipCollection:307 -
			Parsing relationship: /xl/_rels/workbook.xml.rels
2025-03-28 01:09:18 DEBUG PackageRelationshipCollection:307 -
			Parsing relationship: /_rels/.rels
2025-03-28 01:09:18 DEBUG PackageRelationshipCollection:307 -
			Parsing relationship: /xl/_rels/workbook.xml.rels
2025-03-28 01:09:18 DEBUG PackageRelationshipCollection:307 -
			Parsing relationship: /_rels/.rels
2025-03-28 01:09:18 DEBUG PackageRelationshipCollection:307 -
			Parsing relationship: /xl/_rels/workbook.xml.rels
2025-03-28 01:09:18 DEBUG PackageRelationshipCollection:307 -
			Parsing relationship: /_rels/.rels
2025-03-28 01:09:18 DEBUG PackageRelationshipCollection:307 -
			Parsing relationship: /xl/_rels/workbook.xml.rels
2025-03-28 01:09:18 DEBUG PackageRelationshipCollection:307 -
			Parsing relationship: /_rels/.rels
2025-03-28 01:09:18 DEBUG PackageRelationshipCollection:307 -
			Parsing relationship: /xl/_rels/workbook.xml.rels
2025-03-28 01:09:18 DEBUG PackageRelationshipCollection:307 -
			Parsing relationship: /_rels/.rels
2025-03-28 01:09:18 DEBUG PackageRelationshipCollection:307 -
			Parsing relationship: /xl/_rels/workbook.xml.rels
2025-03-28 01:09:18 DEBUG PackageRelationshipCollection:307 -
			Parsing relationship: /_rels/.rels
2025-03-28 01:09:18 DEBUG PackageRelationshipCollection:307 -
			Parsing relationship: /xl/_rels/workbook.xml.rels
2025-03-28 01:09:18 DEBUG PackageRelationshipCollection:307 -
			Parsing relationship: /_rels/.rels
2025-03-28 01:09:18 DEBUG PackageRelationshipCollection:307 -
			Parsing relationship: /xl/_rels/workbook.xml.rels
2025-03-28 01:09:18 DEBUG PackageRelationshipCollection:307 -
			Parsing relationship: /_rels/.rels
2025-03-28 01:09:18 DEBUG PackageRelationshipCollection:307 -
			Parsing relationship: /xl/_rels/workbook.xml.rels
2025-03-28 01:09:18 DEBUG PackageRelationshipCollection:307 -
			Parsing relationship: /_rels/.rels
2025-03-28 01:09:18 DEBUG PackageRelationshipCollection:307 -
			Parsing relationship: /xl/_rels/workbook.xml.rels
2025-03-28 01:09:18 DEBUG PackageRelationshipCollection:307 -
			Parsing relationship: /_rels/.rels
2025-03-28 01:09:18 DEBUG PackageRelationshipCollection:307 -
			Parsing relationship: /xl/_rels/workbook.xml.rels
2025-03-28 01:09:18 DEBUG PackageRelationshipCollection:307 -
			Parsing relationship: /_rels/.rels
2025-03-28 01:09:18 DEBUG PackageRelationshipCollection:307 -
			Parsing relationship: /xl/_rels/workbook.xml.rels
2025-03-28 01:09:18 DEBUG PackageRelationshipCollection:307 -
			Parsing relationship: /_rels/.rels
2025-03-28 01:09:18 DEBUG PackageRelationshipCollection:307 -
			Parsing relationship: /xl/_rels/workbook.xml.rels
2025-03-28 01:09:18 DEBUG PackageRelationshipCollection:307 -
			Parsing relationship: /_rels/.rels
2025-03-28 01:09:18 DEBUG PackageRelationshipCollection:307 -
			Parsing relationship: /xl/_rels/workbook.xml.rels
2025-03-28 01:09:18 DEBUG PackageRelationshipCollection:307 -
			Parsing relationship: /_rels/.rels
2025-03-28 01:09:18 INFO  TC001_searchFlightforRoundTrip:27 -
			Starting roundTripTicket
2025-03-28 01:09:36 INFO  TC001_searchFlightforRoundTrip:49 -
			Finishing roundTripTicket
2025-03-28 01:09:36 INFO  TC001_searchFlightforRoundTrip:27 -
			Starting roundTripTicket
2025-03-28 01:09:53 INFO  TC001_searchFlightforRoundTrip:49 -
			Finishing roundTripTicket
2025-03-28 01:16:44 DEBUG PackageRelationshipCollection:307 -
			Parsing relationship: /xl/_rels/workbook.xml.rels
2025-03-28 01:16:44 DEBUG PackageRelationshipCollection:307 -
			Parsing relationship: /_rels/.rels
2025-03-28 01:16:44 DEBUG PackageRelationshipCollection:307 -
			Parsing relationship: /xl/_rels/workbook.xml.rels
2025-03-28 01:16:44 DEBUG PackageRelationshipCollection:307 -
			Parsing relationship: /_rels/.rels
2025-03-28 01:16:45 DEBUG PackageRelationshipCollection:307 -
			Parsing relationship: /xl/_rels/workbook.xml.rels
2025-03-28 01:16:45 DEBUG PackageRelationshipCollection:307 -
			Parsing relationship: /_rels/.rels
2025-03-28 01:16:45 DEBUG PackageRelationshipCollection:307 -
			Parsing relationship: /xl/_rels/workbook.xml.rels
2025-03-28 01:16:45 DEBUG PackageRelationshipCollection:307 -
			Parsing relationship: /_rels/.rels
2025-03-28 01:16:45 DEBUG PackageRelationshipCollection:307 -
			Parsing relationship: /xl/_rels/workbook.xml.rels
2025-03-28 01:16:45 DEBUG PackageRelationshipCollection:307 -
			Parsing relationship: /_rels/.rels
2025-03-28 01:16:45 DEBUG PackageRelationshipCollection:307 -
			Parsing relationship: /xl/_rels/workbook.xml.rels
2025-03-28 01:16:45 DEBUG PackageRelationshipCollection:307 -
			Parsing relationship: /_rels/.rels
2025-03-28 01:16:45 DEBUG PackageRelationshipCollection:307 -
			Parsing relationship: /xl/_rels/workbook.xml.rels
2025-03-28 01:16:45 DEBUG PackageRelationshipCollection:307 -
			Parsing relationship: /_rels/.rels
2025-03-28 01:16:45 DEBUG PackageRelationshipCollection:307 -
			Parsing relationship: /xl/_rels/workbook.xml.rels
2025-03-28 01:16:45 DEBUG PackageRelationshipCollection:307 -
			Parsing relationship: /_rels/.rels
2025-03-28 01:16:45 DEBUG PackageRelationshipCollection:307 -
			Parsing relationship: /xl/_rels/workbook.xml.rels
2025-03-28 01:16:45 DEBUG PackageRelationshipCollection:307 -
			Parsing relationship: /_rels/.rels
2025-03-28 01:16:45 DEBUG PackageRelationshipCollection:307 -
			Parsing relationship: /xl/_rels/workbook.xml.rels
2025-03-28 01:16:45 DEBUG PackageRelationshipCollection:307 -
			Parsing relationship: /_rels/.rels
2025-03-28 01:16:45 DEBUG PackageRelationshipCollection:307 -
			Parsing relationship: /xl/_rels/workbook.xml.rels
2025-03-28 01:16:45 DEBUG PackageRelationshipCollection:307 -
			Parsing relationship: /_rels/.rels
2025-03-28 01:16:45 DEBUG PackageRelationshipCollection:307 -
			Parsing relationship: /xl/_rels/workbook.xml.rels
2025-03-28 01:16:45 DEBUG PackageRelationshipCollection:307 -
			Parsing relationship: /_rels/.rels
2025-03-28 01:16:45 DEBUG PackageRelationshipCollection:307 -
			Parsing relationship: /xl/_rels/workbook.xml.rels
2025-03-28 01:16:45 DEBUG PackageRelationshipCollection:307 -
			Parsing relationship: /_rels/.rels
2025-03-28 01:16:45 DEBUG PackageRelationshipCollection:307 -
			Parsing relationship: /xl/_rels/workbook.xml.rels
2025-03-28 01:16:45 DEBUG PackageRelationshipCollection:307 -
			Parsing relationship: /_rels/.rels
2025-03-28 01:16:45 DEBUG PackageRelationshipCollection:307 -
			Parsing relationship: /xl/_rels/workbook.xml.rels
2025-03-28 01:16:45 DEBUG PackageRelationshipCollection:307 -
			Parsing relationship: /_rels/.rels
2025-03-28 01:16:45 DEBUG PackageRelationshipCollection:307 -
			Parsing relationship: /xl/_rels/workbook.xml.rels
2025-03-28 01:16:45 DEBUG PackageRelationshipCollection:307 -
			Parsing relationship: /_rels/.rels
2025-03-28 01:16:45 DEBUG PackageRelationshipCollection:307 -
			Parsing relationship: /xl/_rels/workbook.xml.rels
2025-03-28 01:16:45 DEBUG PackageRelationshipCollection:307 -
			Parsing relationship: /_rels/.rels
2025-03-28 01:16:45 DEBUG PackageRelationshipCollection:307 -
			Parsing relationship: /xl/_rels/workbook.xml.rels
2025-03-28 01:16:45 DEBUG PackageRelationshipCollection:307 -
			Parsing relationship: /_rels/.rels
2025-03-28 01:16:45 DEBUG PackageRelationshipCollection:307 -
			Parsing relationship: /xl/_rels/workbook.xml.rels
2025-03-28 01:16:45 DEBUG PackageRelationshipCollection:307 -
			Parsing relationship: /_rels/.rels
2025-03-28 01:16:45 DEBUG PackageRelationshipCollection:307 -
			Parsing relationship: /xl/_rels/workbook.xml.rels
2025-03-28 01:16:45 DEBUG PackageRelationshipCollection:307 -
			Parsing relationship: /_rels/.rels
2025-03-28 01:16:45 DEBUG PackageRelationshipCollection:307 -
			Parsing relationship: /xl/_rels/workbook.xml.rels
2025-03-28 01:16:45 DEBUG PackageRelationshipCollection:307 -
			Parsing relationship: /_rels/.rels
2025-03-28 01:16:45 DEBUG PackageRelationshipCollection:307 -
			Parsing relationship: /xl/_rels/workbook.xml.rels
2025-03-28 01:16:45 DEBUG PackageRelationshipCollection:307 -
			Parsing relationship: /_rels/.rels
2025-03-28 01:16:45 DEBUG PackageRelationshipCollection:307 -
			Parsing relationship: /xl/_rels/workbook.xml.rels
2025-03-28 01:16:45 DEBUG PackageRelationshipCollection:307 -
			Parsing relationship: /_rels/.rels
2025-03-28 01:16:45 DEBUG PackageRelationshipCollection:307 -
			Parsing relationship: /xl/_rels/workbook.xml.rels
2025-03-28 01:16:45 DEBUG PackageRelationshipCollection:307 -
			Parsing relationship: /_rels/.rels
2025-03-28 01:16:45 INFO  TC001_searchFlightforRoundTrip:27 -
			Starting roundTripTicket
2025-03-28 01:17:04 INFO  TC001_searchFlightforRoundTrip:49 -
			Finishing roundTripTicket
2025-03-28 01:17:04 INFO  TC001_searchFlightforRoundTrip:27 -
			Starting roundTripTicket
2025-03-28 01:17:20 INFO  TC001_searchFlightforRoundTrip:49 -
			Finishing roundTripTicket
2025-03-28 01:36:52 DEBUG PackageRelationshipCollection:307 -
			Parsing relationship: /xl/_rels/workbook.xml.rels
2025-03-28 01:36:52 DEBUG PackageRelationshipCollection:307 -
			Parsing relationship: /_rels/.rels
2025-03-28 01:36:53 DEBUG PackageRelationshipCollection:307 -
			Parsing relationship: /xl/_rels/workbook.xml.rels
2025-03-28 01:36:53 DEBUG PackageRelationshipCollection:307 -
			Parsing relationship: /_rels/.rels
2025-03-28 01:36:53 DEBUG PackageRelationshipCollection:307 -
			Parsing relationship: /xl/_rels/workbook.xml.rels
2025-03-28 01:36:53 DEBUG PackageRelationshipCollection:307 -
			Parsing relationship: /_rels/.rels
2025-03-28 01:36:53 DEBUG PackageRelationshipCollection:307 -
			Parsing relationship: /xl/_rels/workbook.xml.rels
2025-03-28 01:36:53 DEBUG PackageRelationshipCollection:307 -
			Parsing relationship: /_rels/.rels
2025-03-28 01:36:53 DEBUG PackageRelationshipCollection:307 -
			Parsing relationship: /xl/_rels/workbook.xml.rels
2025-03-28 01:36:53 DEBUG PackageRelationshipCollection:307 -
			Parsing relationship: /_rels/.rels
2025-03-28 01:36:53 DEBUG PackageRelationshipCollection:307 -
			Parsing relationship: /xl/_rels/workbook.xml.rels
2025-03-28 01:36:53 DEBUG PackageRelationshipCollection:307 -
			Parsing relationship: /_rels/.rels
2025-03-28 01:36:53 DEBUG PackageRelationshipCollection:307 -
			Parsing relationship: /xl/_rels/workbook.xml.rels
2025-03-28 01:36:53 DEBUG PackageRelationshipCollection:307 -
			Parsing relationship: /_rels/.rels
2025-03-28 01:36:53 DEBUG PackageRelationshipCollection:307 -
			Parsing relationship: /xl/_rels/workbook.xml.rels
2025-03-28 01:36:53 DEBUG PackageRelationshipCollection:307 -
			Parsing relationship: /_rels/.rels
2025-03-28 01:36:53 DEBUG PackageRelationshipCollection:307 -
			Parsing relationship: /xl/_rels/workbook.xml.rels
2025-03-28 01:36:53 DEBUG PackageRelationshipCollection:307 -
			Parsing relationship: /_rels/.rels
2025-03-28 01:36:53 DEBUG PackageRelationshipCollection:307 -
			Parsing relationship: /xl/_rels/workbook.xml.rels
2025-03-28 01:36:53 DEBUG PackageRelationshipCollection:307 -
			Parsing relationship: /_rels/.rels
2025-03-28 01:36:53 DEBUG PackageRelationshipCollection:307 -
			Parsing relationship: /xl/_rels/workbook.xml.rels
2025-03-28 01:36:53 DEBUG PackageRelationshipCollection:307 -
			Parsing relationship: /_rels/.rels
2025-03-28 01:36:53 DEBUG PackageRelationshipCollection:307 -
			Parsing relationship: /xl/_rels/workbook.xml.rels
2025-03-28 01:36:53 DEBUG PackageRelationshipCollection:307 -
			Parsing relationship: /_rels/.rels
2025-03-28 01:36:53 DEBUG PackageRelationshipCollection:307 -
			Parsing relationship: /xl/_rels/workbook.xml.rels
2025-03-28 01:36:53 DEBUG PackageRelationshipCollection:307 -
			Parsing relationship: /_rels/.rels
2025-03-28 01:36:53 DEBUG PackageRelationshipCollection:307 -
			Parsing relationship: /xl/_rels/workbook.xml.rels
2025-03-28 01:36:53 DEBUG PackageRelationshipCollection:307 -
			Parsing relationship: /_rels/.rels
2025-03-28 01:36:53 DEBUG PackageRelationshipCollection:307 -
			Parsing relationship: /xl/_rels/workbook.xml.rels
2025-03-28 01:36:53 DEBUG PackageRelationshipCollection:307 -
			Parsing relationship: /_rels/.rels
2025-03-28 01:36:53 DEBUG PackageRelationshipCollection:307 -
			Parsing relationship: /xl/_rels/workbook.xml.rels
2025-03-28 01:36:53 DEBUG PackageRelationshipCollection:307 -
			Parsing relationship: /_rels/.rels
2025-03-28 01:36:53 DEBUG PackageRelationshipCollection:307 -
			Parsing relationship: /xl/_rels/workbook.xml.rels
2025-03-28 01:36:53 DEBUG PackageRelationshipCollection:307 -
			Parsing relationship: /_rels/.rels
2025-03-28 01:36:53 DEBUG PackageRelationshipCollection:307 -
			Parsing relationship: /xl/_rels/workbook.xml.rels
2025-03-28 01:36:53 DEBUG PackageRelationshipCollection:307 -
			Parsing relationship: /_rels/.rels
2025-03-28 01:36:53 DEBUG PackageRelationshipCollection:307 -
			Parsing relationship: /xl/_rels/workbook.xml.rels
2025-03-28 01:36:53 DEBUG PackageRelationshipCollection:307 -
			Parsing relationship: /_rels/.rels
2025-03-28 01:36:53 DEBUG PackageRelationshipCollection:307 -
			Parsing relationship: /xl/_rels/workbook.xml.rels
2025-03-28 01:36:53 DEBUG PackageRelationshipCollection:307 -
			Parsing relationship: /_rels/.rels
2025-03-28 01:36:53 DEBUG PackageRelationshipCollection:307 -
			Parsing relationship: /xl/_rels/workbook.xml.rels
2025-03-28 01:36:53 DEBUG PackageRelationshipCollection:307 -
			Parsing relationship: /_rels/.rels
2025-03-28 01:36:54 DEBUG PackageRelationshipCollection:307 -
			Parsing relationship: /xl/_rels/workbook.xml.rels
2025-03-28 01:36:54 DEBUG PackageRelationshipCollection:307 -
			Parsing relationship: /_rels/.rels
2025-03-28 01:36:54 DEBUG PackageRelationshipCollection:307 -
			Parsing relationship: /xl/_rels/workbook.xml.rels
2025-03-28 01:36:54 DEBUG PackageRelationshipCollection:307 -
			Parsing relationship: /_rels/.rels
2025-03-28 01:36:54 DEBUG PackageRelationshipCollection:307 -
			Parsing relationship: /xl/_rels/workbook.xml.rels
2025-03-28 01:36:54 DEBUG PackageRelationshipCollection:307 -
			Parsing relationship: /_rels/.rels
2025-03-28 01:36:54 INFO  TC001_searchFlightforRoundTrip:27 -
			Starting roundTripTicket
2025-03-28 01:37:11 INFO  TC001_searchFlightforRoundTrip:49 -
			Finishing roundTripTicket
2025-03-28 01:37:11 INFO  TC001_searchFlightforRoundTrip:27 -
			Starting roundTripTicket
2025-03-28 01:37:28 INFO  TC001_searchFlightforRoundTrip:49 -
			Finishing roundTripTicket
